#
# There is insufficient memory for the Java Runtime Environment to continue.
# Native memory allocation (malloc) failed to allocate 1002256 bytes for Chunk::new
# Possible reasons:
#   The system is out of physical RAM or swap space
#   The process is running with CompressedOops enabled, and the Java Heap may be blocking the growth of the native heap
# Possible solutions:
#   Reduce memory load on the system
#   Increase physical memory or swap space
#   Check if swap backing store is full
#   Decrease Java heap size (-Xmx/-Xms)
#   Decrease number of Java threads
#   Decrease Java thread stack sizes (-Xss)
#   Set larger code cache with -XX:ReservedCodeCacheSize=
#   JVM is running with Unscaled Compressed Oops mode in which the Java heap is
#     placed in the first 4GB address space. The Java Heap base address is the
#     maximum limit for the native heap growth. Please use -XX:HeapBaseMinAddress
#     to set the Java Heap base and to place the Java Heap above 4GB virtual address.
# This output file may be truncated or incomplete.
#
#  Out of Memory Error (./src/hotspot/share/memory/arena.cpp:197), pid=2768, tid=13364
#
# JRE version: OpenJDK Runtime Environment (11.0.10) (build 11.0.10+0-b96-7249189)
# Java VM: OpenJDK 64-Bit Server VM (11.0.10+0-b96-7249189, mixed mode, tiered, compressed oops, g1 gc, windows-amd64)
# No core dump will be written. Minidumps are not enabled by default on client versions of Windows
#

---------------  S U M M A R Y ------------

Command Line: --add-opens=java.base/java.util=ALL-UNNAMED --add-opens=java.base/java.lang=ALL-UNNAMED --add-opens=java.base/java.lang.invoke=ALL-UNNAMED --add-opens=java.base/java.util=ALL-UNNAMED --add-opens=java.prefs/java.util.prefs=ALL-UNNAMED --add-opens=java.prefs/java.util.prefs=ALL-UNNAMED --add-opens=java.base/java.nio.charset=ALL-UNNAMED --add-opens=java.base/java.net=ALL-UNNAMED --add-opens=java.base/java.util.concurrent.atomic=ALL-UNNAMED -Xmx2048m -Dfile.encoding=UTF-8 -Duser.country=US -Duser.language=en -Duser.variant org.gradle.launcher.daemon.bootstrap.GradleDaemon 7.0.2

Host: Intel(R) Core(TM) i5-8250U CPU @ 1.60GHz, 8 cores, 7G,  Windows 10 , 64 bit Build 19041 (10.0.19041.1202)
Time: Sat Nov  6 11:22:19 2021 SE Asia Standard Time elapsed time: 53.847572 seconds (0d 0h 0m 53s)

---------------  T H R E A D  ---------------

Current thread (0x0000021193f8a800):  JavaThread "C2 CompilerThread0" daemon [_thread_in_native, id=13364, stack(0x000000d24a000000,0x000000d24a100000)]


Current CompileTask:
C2:  53847 14626       4       com.android.tools.r8.dex.z$g::b (38 bytes)

Stack: [0x000000d24a000000,0x000000d24a100000]
Native frames: (J=compiled Java code, j=interpreted, Vv=VM code, C=native code)
V  [jvm.dll+0x5ecfaa]
V  [jvm.dll+0x722bd5]
V  [jvm.dll+0x72412d]
V  [jvm.dll+0x7247e3]
V  [jvm.dll+0x242928]
V  [jvm.dll+0xbc4fc]
V  [jvm.dll+0xbca0c]
V  [jvm.dll+0x352d3b]
V  [jvm.dll+0x320ad3]
V  [jvm.dll+0x31ffca]
V  [jvm.dll+0x1fb602]
V  [jvm.dll+0x1fa7f4]
V  [jvm.dll+0x18354c]
V  [jvm.dll+0x208ee7]
V  [jvm.dll+0x207731]
V  [jvm.dll+0x6eb1cf]
V  [jvm.dll+0x6e3d45]
V  [jvm.dll+0x5ebe96]
C  [ucrtbase.dll+0x21bb2]
C  [KERNEL32.DLL+0x17034]
C  [ntdll.dll+0x52651]


---------------  P R O C E S S  ---------------

Threads class SMR info:
_java_thread_list=0x000002119c546ed0, length=72, elements={
0x00000211f914d800, 0x0000021193605000, 0x0000021193606800, 0x0000021193f83000,
0x0000021193f85800, 0x0000021193f87800, 0x0000021193f8a800, 0x0000021193f8c800,
0x0000021193f93000, 0x00000211940d5800, 0x0000021195852800, 0x0000021194b6e000,
0x000002119587b800, 0x0000021195067800, 0x000002119519b800, 0x0000021194d9a000,
0x0000021194e18000, 0x000002119437f000, 0x0000021194d95800, 0x0000021195f33000,
0x0000021195f33800, 0x0000021195f34800, 0x0000021195f36000, 0x0000021195f35000,
0x0000021195f30800, 0x0000021195f32000, 0x0000021195f37000, 0x0000021195f31000,
0x0000021196e7a000, 0x0000021196e77800, 0x0000021196e7c800, 0x0000021196e7e000,
0x0000021196e78800, 0x0000021196e7d800, 0x0000021196e7f000, 0x0000021196e80800,
0x0000021196e80000, 0x0000021196e7b000, 0x0000021196e83000, 0x0000021196e85800,
0x0000021196e81800, 0x0000021196e86800, 0x0000021196e82000, 0x0000021196e84000,
0x0000021196e84800, 0x0000021196d80000, 0x0000021196d85000, 0x0000021196d81800,
0x0000021196d7f000, 0x0000021196d86800, 0x0000021196d84000, 0x0000021196d85800,
0x0000021196d80800, 0x0000021196d87000, 0x0000021196d88000, 0x0000021196d82800,
0x0000021196d89000, 0x0000021196d83000, 0x0000021196d8c000, 0x0000021196d8a800,
0x0000021196d89800, 0x0000021196d8b800, 0x0000021196d8d000, 0x0000021196d8d800,
0x000002119a322800, 0x000002119a321800, 0x000002119a323800, 0x000002119a324000,
0x000002119a320000, 0x000002119a325000, 0x000002119a326000, 0x000002119a326800
}

Java Threads: ( => current thread )
  0x00000211f914d800 JavaThread "main" [_thread_blocked, id=13952, stack(0x000000d249400000,0x000000d249500000)]
  0x0000021193605000 JavaThread "Reference Handler" daemon [_thread_blocked, id=14872, stack(0x000000d249b00000,0x000000d249c00000)]
  0x0000021193606800 JavaThread "Finalizer" daemon [_thread_blocked, id=14260, stack(0x000000d249c00000,0x000000d249d00000)]
  0x0000021193f83000 JavaThread "Signal Dispatcher" daemon [_thread_blocked, id=12500, stack(0x000000d249d00000,0x000000d249e00000)]
  0x0000021193f85800 JavaThread "Attach Listener" daemon [_thread_blocked, id=4912, stack(0x000000d249e00000,0x000000d249f00000)]
  0x0000021193f87800 JavaThread "Service Thread" daemon [_thread_blocked, id=13904, stack(0x000000d249f00000,0x000000d24a000000)]
=>0x0000021193f8a800 JavaThread "C2 CompilerThread0" daemon [_thread_in_native, id=13364, stack(0x000000d24a000000,0x000000d24a100000)]
  0x0000021193f8c800 JavaThread "C1 CompilerThread0" daemon [_thread_in_vm, id=5680, stack(0x000000d24a100000,0x000000d24a200000)]
  0x0000021193f93000 JavaThread "Sweeper thread" daemon [_thread_blocked, id=13936, stack(0x000000d24a200000,0x000000d24a300000)]
  0x00000211940d5800 JavaThread "Common-Cleaner" daemon [_thread_blocked, id=3504, stack(0x000000d24a300000,0x000000d24a400000)]
  0x0000021195852800 JavaThread "Daemon health stats" [_thread_blocked, id=13716, stack(0x000000d24a700000,0x000000d24a800000)]
  0x0000021194b6e000 JavaThread "Incoming local TCP Connector on port 54050" [_thread_in_native, id=11272, stack(0x000000d24a800000,0x000000d24a900000)]
  0x000002119587b800 JavaThread "Daemon periodic checks" [_thread_blocked, id=15228, stack(0x000000d24a900000,0x000000d24aa00000)]
  0x0000021195067800 JavaThread "Daemon" [_thread_blocked, id=7696, stack(0x000000d24aa00000,0x000000d24ab00000)]
  0x000002119519b800 JavaThread "Handler for socket connection from /127.0.0.1:54050 to /127.0.0.1:54051" [_thread_in_native, id=9428, stack(0x000000d24ab00000,0x000000d24ac00000)]
  0x0000021194d9a000 JavaThread "Cancel handler" [_thread_blocked, id=11920, stack(0x000000d24ac00000,0x000000d24ad00000)]
  0x0000021194e18000 JavaThread "Daemon worker" [_thread_blocked, id=11352, stack(0x000000d24ad00000,0x000000d24ae00000)]
  0x000002119437f000 JavaThread "Asynchronous log dispatcher for DefaultDaemonConnection: socket connection from /127.0.0.1:54050 to /127.0.0.1:54051" [_thread_blocked, id=7076, stack(0x000000d24ae00000,0x000000d24af00000)]
  0x0000021194d95800 JavaThread "Stdin handler" [_thread_blocked, id=2952, stack(0x000000d24af00000,0x000000d24b000000)]
  0x0000021195f33000 JavaThread "Daemon client event forwarder" [_thread_blocked, id=8972, stack(0x000000d24b000000,0x000000d24b100000)]
  0x0000021195f33800 JavaThread "Cache worker for file hash cache (C:\Users\Lenovo\.gradle\caches\7.0.2\fileHashes)" [_thread_blocked, id=348, stack(0x000000d24b600000,0x000000d24b700000)]
  0x0000021195f34800 JavaThread "File lock request listener" [_thread_in_native, id=7788, stack(0x000000d24b700000,0x000000d24b800000)]
  0x0000021195f36000 JavaThread "Cache worker for journal cache (C:\Users\Lenovo\.gradle\caches\journal-1)" [_thread_blocked, id=5332, stack(0x000000d24b900000,0x000000d24ba00000)]
  0x0000021195f35000 JavaThread "Cache worker for file hash cache (D:\Android\Woody\.gradle\7.0.2\fileHashes)" [_thread_blocked, id=6600, stack(0x000000d24ba00000,0x000000d24bb00000)]
  0x0000021195f30800 JavaThread "File watcher server" daemon [_thread_in_native, id=7668, stack(0x000000d24bb00000,0x000000d24bc00000)]
  0x0000021195f32000 JavaThread "File watcher consumer" daemon [_thread_blocked, id=812, stack(0x000000d24bc00000,0x000000d24bd00000)]
  0x0000021195f37000 JavaThread "Cache worker for checksums cache (D:\Android\Woody\.gradle\checksums)" [_thread_blocked, id=14344, stack(0x000000d24bd00000,0x000000d24be00000)]
  0x0000021195f31000 JavaThread "Cache worker for cache directory md-supplier (C:\Users\Lenovo\.gradle\caches\7.0.2\md-supplier)" [_thread_blocked, id=12920, stack(0x000000d24be00000,0x000000d24bf00000)]
  0x0000021196e7a000 JavaThread "Cache worker for cache directory md-rule (C:\Users\Lenovo\.gradle\caches\7.0.2\md-rule)" [_thread_blocked, id=1064, stack(0x000000d24bf00000,0x000000d24c000000)]
  0x0000021196e77800 JavaThread "Cache worker for execution history cache (C:\Users\Lenovo\.gradle\caches\7.0.2\executionHistory)" [_thread_blocked, id=13100, stack(0x000000d24c000000,0x000000d24c100000)]
  0x0000021196e7c800 JavaThread "jar transforms" [_thread_blocked, id=3788, stack(0x000000d24c100000,0x000000d24c200000)]
  0x0000021196e7e000 JavaThread "jar transforms Thread 2" [_thread_blocked, id=7596, stack(0x000000d24c200000,0x000000d24c300000)]
  0x0000021196e78800 JavaThread "Cache worker for file content cache (C:\Users\Lenovo\.gradle\caches\7.0.2\fileContent)" [_thread_blocked, id=6652, stack(0x000000d24c300000,0x000000d24c400000)]
  0x0000021196e7d800 JavaThread "Cache worker for dependencies-accessors (D:\Android\Woody\.gradle\7.0.2\dependencies-accessors)" [_thread_blocked, id=14424, stack(0x000000d24c400000,0x000000d24c500000)]
  0x0000021196e7f000 JavaThread "jar transforms Thread 3" [_thread_blocked, id=11476, stack(0x000000d24c500000,0x000000d24c600000)]
  0x0000021196e80800 JavaThread "Cache worker for Build Output Cleanup Cache (D:\Android\Woody\.gradle\buildOutputCleanup)" [_thread_blocked, id=16080, stack(0x000000d24c600000,0x000000d24c700000)]
  0x0000021196e80000 JavaThread "Build operations" [_thread_blocked, id=6324, stack(0x000000d24c700000,0x000000d24c800000)]
  0x0000021196e7b000 JavaThread "Build operations Thread 2" [_thread_blocked, id=7440, stack(0x000000d24c800000,0x000000d24c900000)]
  0x0000021196e83000 JavaThread "Build operations Thread 3" [_thread_blocked, id=6368, stack(0x000000d24c900000,0x000000d24ca00000)]
  0x0000021196e85800 JavaThread "Build operations Thread 4" [_thread_blocked, id=1076, stack(0x000000d24ca00000,0x000000d24cb00000)]
  0x0000021196e81800 JavaThread "Build operations Thread 5" [_thread_blocked, id=13892, stack(0x000000d24cb00000,0x000000d24cc00000)]
  0x0000021196e86800 JavaThread "Build operations Thread 6" [_thread_blocked, id=12796, stack(0x000000d24cc00000,0x000000d24cd00000)]
  0x0000021196e82000 JavaThread "Build operations Thread 7" [_thread_blocked, id=2848, stack(0x000000d24cd00000,0x000000d24ce00000)]
  0x0000021196e84000 JavaThread "Build operations Thread 8" [_thread_blocked, id=3920, stack(0x000000d24ce00000,0x000000d24cf00000)]
  0x0000021196e84800 JavaThread "jar transforms Thread 4" [_thread_blocked, id=3548, stack(0x000000d24cf00000,0x000000d24d000000)]
  0x0000021196d80000 JavaThread "jar transforms Thread 5" [_thread_blocked, id=8300, stack(0x000000d24d000000,0x000000d24d100000)]
  0x0000021196d85000 JavaThread "jar transforms Thread 6" [_thread_blocked, id=12856, stack(0x000000d24d100000,0x000000d24d200000)]
  0x0000021196d81800 JavaThread "jar transforms Thread 7" [_thread_blocked, id=6544, stack(0x000000d24d200000,0x000000d24d300000)]
  0x0000021196d7f000 JavaThread "jar transforms Thread 8" [_thread_blocked, id=8820, stack(0x000000d24d300000,0x000000d24d400000)]
  0x0000021196d86800 JavaThread "Memory manager" [_thread_blocked, id=8180, stack(0x000000d24d400000,0x000000d24d500000)]
  0x0000021196d84000 JavaThread "build event listener" [_thread_blocked, id=7004, stack(0x000000d24d500000,0x000000d24d600000)]
  0x0000021196d85800 JavaThread "Execution worker for ':'" [_thread_blocked, id=15356, stack(0x000000d24d600000,0x000000d24d700000)]
  0x0000021196d80800 JavaThread "Execution worker for ':' Thread 2" [_thread_blocked, id=13096, stack(0x000000d24d700000,0x000000d24d800000)]
  0x0000021196d87000 JavaThread "Execution worker for ':' Thread 3" [_thread_blocked, id=5228, stack(0x000000d24d800000,0x000000d24d900000)]
  0x0000021196d88000 JavaThread "Execution worker for ':' Thread 4" [_thread_blocked, id=6640, stack(0x000000d24d900000,0x000000d24da00000)]
  0x0000021196d82800 JavaThread "Execution worker for ':' Thread 5" [_thread_blocked, id=14796, stack(0x000000d24da00000,0x000000d24db00000)]
  0x0000021196d89000 JavaThread "Execution worker for ':' Thread 6" [_thread_blocked, id=11152, stack(0x000000d24db00000,0x000000d24dc00000)]
  0x0000021196d83000 JavaThread "Execution worker for ':' Thread 7" [_thread_blocked, id=13960, stack(0x000000d24dc00000,0x000000d24dd00000)]
  0x0000021196d8c000 JavaThread "Cache worker for execution history cache (D:\Android\Woody\.gradle\7.0.2\executionHistory)" [_thread_blocked, id=10136, stack(0x000000d24dd00000,0x000000d24de00000)]
  0x0000021196d8a800 JavaThread "WorkerExecutor Queue Thread 4" [_thread_blocked, id=1448, stack(0x000000d24e400000,0x000000d24e500000)]
  0x0000021196d89800 JavaThread "pool-3-thread-1" [_thread_blocked, id=1264, stack(0x000000d24e100000,0x000000d24e200000)]
  0x0000021196d8b800 JavaThread "stderr" [_thread_in_native, id=2940, stack(0x000000d24e200000,0x000000d24e300000)]
  0x0000021196d8d000 JavaThread "stdout" [_thread_in_native, id=4936, stack(0x000000d24e300000,0x000000d24e400000)]
  0x0000021196d8d800 JavaThread "Cache worker for Java compile cache (C:\Users\Lenovo\.gradle\caches\7.0.2\javaCompile)" [_thread_blocked, id=15828, stack(0x000000d24e500000,0x000000d24e600000)]
  0x000002119a322800 JavaThread "Cache worker for Java compile cache (D:\Android\Woody\.gradle\7.0.2\javaCompile)" [_thread_blocked, id=3572, stack(0x000000d24e800000,0x000000d24e900000)]
  0x000002119a321800 JavaThread "WorkerExecutor Queue Thread 6" [_thread_blocked, id=7196, stack(0x000000d24ea00000,0x000000d24eb00000)]
  0x000002119a323800 JavaThread "WorkerExecutor Queue Thread 7" [_thread_blocked, id=9148, stack(0x000000d24eb00000,0x000000d24ec00000)]
  0x000002119a324000 JavaThread "WorkerExecutor Queue Thread 8" [_thread_blocked, id=15612, stack(0x000000d24ec00000,0x000000d24ed00000)]
  0x000002119a320000 JavaThread "WorkerExecutor Queue Thread 9" [_thread_blocked, id=12060, stack(0x000000d24ed00000,0x000000d24ee00000)]
  0x000002119a325000 JavaThread "WorkerExecutor Queue Thread 10" [_thread_blocked, id=14700, stack(0x000000d24ee00000,0x000000d24ef00000)]
  0x000002119a326000 JavaThread "WorkerExecutor Queue Thread 11" [_thread_blocked, id=11844, stack(0x000000d24ef00000,0x000000d24f000000)]
  0x000002119a326800 JavaThread "WorkerExecutor Queue Thread 12" [_thread_in_vm, id=13244, stack(0x000000d24f000000,0x000000d24f100000)]

Other Threads:
  0x0000021193600800 VMThread "VM Thread" [stack: 0x000000d249a00000,0x000000d249b00000] [id=8204]
  0x00000211940f2800 WatcherThread [stack: 0x000000d24a400000,0x000000d24a500000] [id=6844]
  0x00000211f9166000 GCTaskThread "GC Thread#0" [stack: 0x000000d249500000,0x000000d249600000] [id=16356]
  0x0000021194c64800 GCTaskThread "GC Thread#1" [stack: 0x000000d24a500000,0x000000d24a600000] [id=14960]
  0x0000021194a6d000 GCTaskThread "GC Thread#2" [stack: 0x000000d24a600000,0x000000d24a700000] [id=10884]
  0x00000211950c1800 GCTaskThread "GC Thread#3" [stack: 0x000000d24b100000,0x000000d24b200000] [id=4216]
  0x00000211951aa800 GCTaskThread "GC Thread#4" [stack: 0x000000d24b200000,0x000000d24b300000] [id=11632]
  0x000002119598a800 GCTaskThread "GC Thread#5" [stack: 0x000000d24b300000,0x000000d24b400000] [id=15876]
  0x000002119598b800 GCTaskThread "GC Thread#6" [stack: 0x000000d24b400000,0x000000d24b500000] [id=14276]
  0x000002119598c000 GCTaskThread "GC Thread#7" [stack: 0x000000d24b500000,0x000000d24b600000] [id=768]
  0x00000211f9198800 ConcurrentGCThread "G1 Main Marker" [stack: 0x000000d249600000,0x000000d249700000] [id=11872]
  0x00000211f919a800 ConcurrentGCThread "G1 Conc#0" [stack: 0x000000d249700000,0x000000d249800000] [id=11440]
  0x00000211942de800 ConcurrentGCThread "G1 Conc#1" [stack: 0x000000d24b800000,0x000000d24b900000] [id=1768]
  0x0000021193450800 ConcurrentGCThread "G1 Refine#0" [stack: 0x000000d249800000,0x000000d249900000] [id=10092]
  0x0000021196b4f000 ConcurrentGCThread "G1 Refine#1" [stack: 0x000000d24de00000,0x000000d24df00000] [id=11528]
  0x0000021196bc5000 ConcurrentGCThread "G1 Refine#2" [stack: 0x000000d24df00000,0x000000d24e000000] [id=12880]
  0x00000211986d6800 ConcurrentGCThread "G1 Refine#3" [stack: 0x000000d24e000000,0x000000d24e100000] [id=12216]
  0x0000021193451800 ConcurrentGCThread "G1 Young RemSet Sampling" [stack: 0x000000d249900000,0x000000d249a00000] [id=10992]

Threads with active compile tasks:
C2 CompilerThread0  53940 14626       4       com.android.tools.r8.dex.z$g::b (38 bytes)

VM state:not at safepoint (normal execution)

VM Mutex/Monitor currently owned by a thread: None

Heap address: 0x0000000080000000, size: 2048 MB, Compressed Oops mode: 32-bit
Narrow klass base: 0x0000000000000000, Narrow klass shift: 3
Compressed class space size: 1073741824 Address: 0x0000000100000000

Heap:
 garbage-first heap   total 189440K, used 94440K [0x0000000080000000, 0x0000000100000000)
  region size 1024K, 3 young (3072K), 2 survivors (2048K)
 Metaspace       used 108103K, capacity 110978K, committed 111308K, reserved 1144832K
  class space    used 13849K, capacity 14975K, committed 15052K, reserved 1048576K
Heap Regions: E=young(eden), S=young(survivor), O=old, HS=humongous(starts), HC=humongous(continues), CS=collection set, F=free, A=archive, TAMS=top-at-mark-start (previous, next)
|   0|0x0000000080000000, 0x0000000080100000, 0x0000000080100000|100%| O|  |TAMS 0x0000000080100000, 0x0000000080100000| Untracked 
|   1|0x0000000080100000, 0x0000000080200000, 0x0000000080200000|100%| O|  |TAMS 0x0000000080200000, 0x0000000080200000| Untracked 
|   2|0x0000000080200000, 0x0000000080300000, 0x0000000080300000|100%| O|  |TAMS 0x0000000080300000, 0x0000000080300000| Untracked 
|   3|0x0000000080300000, 0x0000000080400000, 0x0000000080400000|100%|HS|  |TAMS 0x0000000080400000, 0x0000000080400000| Complete 
|   4|0x0000000080400000, 0x0000000080500000, 0x0000000080500000|100%|HC|  |TAMS 0x0000000080500000, 0x0000000080500000| Complete 
|   5|0x0000000080500000, 0x0000000080600000, 0x0000000080600000|100%|HC|  |TAMS 0x0000000080600000, 0x0000000080600000| Complete 
|   6|0x0000000080600000, 0x0000000080700000, 0x0000000080700000|100%| O|  |TAMS 0x0000000080700000, 0x0000000080700000| Untracked 
|   7|0x0000000080700000, 0x0000000080800000, 0x0000000080800000|100%| O|  |TAMS 0x0000000080800000, 0x0000000080800000| Untracked 
|   8|0x0000000080800000, 0x0000000080900000, 0x0000000080900000|100%| O|  |TAMS 0x0000000080900000, 0x0000000080900000| Untracked 
|   9|0x0000000080900000, 0x0000000080a00000, 0x0000000080a00000|100%| O|  |TAMS 0x0000000080a00000, 0x0000000080a00000| Untracked 
|  10|0x0000000080a00000, 0x0000000080b00000, 0x0000000080b00000|100%| O|  |TAMS 0x0000000080b00000, 0x0000000080b00000| Untracked 
|  11|0x0000000080b00000, 0x0000000080c00000, 0x0000000080c00000|100%| O|  |TAMS 0x0000000080c00000, 0x0000000080c00000| Untracked 
|  12|0x0000000080c00000, 0x0000000080d00000, 0x0000000080d00000|100%| O|  |TAMS 0x0000000080d00000, 0x0000000080d00000| Untracked 
|  13|0x0000000080d00000, 0x0000000080e00000, 0x0000000080e00000|100%| O|  |TAMS 0x0000000080e00000, 0x0000000080e00000| Untracked 
|  14|0x0000000080e00000, 0x0000000080f00000, 0x0000000080f00000|100%| O|  |TAMS 0x0000000080f00000, 0x0000000080f00000| Untracked 
|  15|0x0000000080f00000, 0x0000000081000000, 0x0000000081000000|100%| O|  |TAMS 0x0000000081000000, 0x0000000081000000| Untracked 
|  16|0x0000000081000000, 0x0000000081100000, 0x0000000081100000|100%|HS|  |TAMS 0x0000000081100000, 0x0000000081100000| Complete 
|  17|0x0000000081100000, 0x0000000081200000, 0x0000000081200000|100%| O|  |TAMS 0x0000000081200000, 0x0000000081200000| Untracked 
|  18|0x0000000081200000, 0x0000000081300000, 0x0000000081300000|100%| O|  |TAMS 0x0000000081300000, 0x0000000081300000| Untracked 
|  19|0x0000000081300000, 0x0000000081400000, 0x0000000081400000|100%| O|  |TAMS 0x0000000081400000, 0x0000000081400000| Untracked 
|  20|0x0000000081400000, 0x0000000081500000, 0x0000000081500000|100%| O|  |TAMS 0x0000000081500000, 0x0000000081500000| Untracked 
|  21|0x0000000081500000, 0x0000000081600000, 0x0000000081600000|100%| O|  |TAMS 0x0000000081600000, 0x0000000081600000| Untracked 
|  22|0x0000000081600000, 0x0000000081700000, 0x0000000081700000|100%| O|  |TAMS 0x0000000081700000, 0x0000000081700000| Untracked 
|  23|0x0000000081700000, 0x0000000081800000, 0x0000000081800000|100%| O|  |TAMS 0x0000000081800000, 0x0000000081800000| Untracked 
|  24|0x0000000081800000, 0x0000000081900000, 0x0000000081900000|100%| O|  |TAMS 0x0000000081900000, 0x0000000081900000| Untracked 
|  25|0x0000000081900000, 0x0000000081a00000, 0x0000000081a00000|100%| O|  |TAMS 0x0000000081a00000, 0x0000000081a00000| Untracked 
|  26|0x0000000081a00000, 0x0000000081b00000, 0x0000000081b00000|100%| O|  |TAMS 0x0000000081b00000, 0x0000000081b00000| Untracked 
|  27|0x0000000081b00000, 0x0000000081c00000, 0x0000000081c00000|100%|HS|  |TAMS 0x0000000081c00000, 0x0000000081c00000| Complete 
|  28|0x0000000081c00000, 0x0000000081d00000, 0x0000000081d00000|100%|HS|  |TAMS 0x0000000081d00000, 0x0000000081d00000| Complete 
|  29|0x0000000081d00000, 0x0000000081e00000, 0x0000000081e00000|100%|HC|  |TAMS 0x0000000081e00000, 0x0000000081e00000| Complete 
|  30|0x0000000081e00000, 0x0000000081f00000, 0x0000000081f00000|100%| O|  |TAMS 0x0000000081f00000, 0x0000000081f00000| Untracked 
|  31|0x0000000081f00000, 0x0000000082000000, 0x0000000082000000|100%| O|  |TAMS 0x0000000082000000, 0x0000000082000000| Untracked 
|  32|0x0000000082000000, 0x0000000082100000, 0x0000000082100000|100%| O|  |TAMS 0x0000000082100000, 0x0000000082100000| Untracked 
|  33|0x0000000082100000, 0x0000000082200000, 0x0000000082200000|100%| O|  |TAMS 0x0000000082200000, 0x0000000082200000| Untracked 
|  34|0x0000000082200000, 0x0000000082300000, 0x0000000082300000|100%| O|  |TAMS 0x0000000082300000, 0x0000000082300000| Untracked 
|  35|0x0000000082300000, 0x0000000082400000, 0x0000000082400000|100%| O|  |TAMS 0x0000000082400000, 0x0000000082400000| Untracked 
|  36|0x0000000082400000, 0x0000000082500000, 0x0000000082500000|100%| O|  |TAMS 0x0000000082500000, 0x0000000082500000| Untracked 
|  37|0x0000000082500000, 0x0000000082600000, 0x0000000082600000|100%| O|  |TAMS 0x0000000082600000, 0x0000000082600000| Untracked 
|  38|0x0000000082600000, 0x0000000082700000, 0x0000000082700000|100%| O|  |TAMS 0x0000000082700000, 0x0000000082700000| Untracked 
|  39|0x0000000082700000, 0x0000000082800000, 0x0000000082800000|100%| O|  |TAMS 0x0000000082800000, 0x0000000082800000| Untracked 
|  40|0x0000000082800000, 0x0000000082900000, 0x0000000082900000|100%| O|  |TAMS 0x0000000082900000, 0x0000000082900000| Untracked 
|  41|0x0000000082900000, 0x0000000082a00000, 0x0000000082a00000|100%| O|  |TAMS 0x0000000082a00000, 0x0000000082a00000| Untracked 
|  42|0x0000000082a00000, 0x0000000082b00000, 0x0000000082b00000|100%| O|  |TAMS 0x0000000082b00000, 0x0000000082b00000| Untracked 
|  43|0x0000000082b00000, 0x0000000082c00000, 0x0000000082c00000|100%| O|  |TAMS 0x0000000082c00000, 0x0000000082c00000| Untracked 
|  44|0x0000000082c00000, 0x0000000082d00000, 0x0000000082d00000|100%| O|  |TAMS 0x0000000082d00000, 0x0000000082d00000| Untracked 
|  45|0x0000000082d00000, 0x0000000082e00000, 0x0000000082e00000|100%| O|  |TAMS 0x0000000082e00000, 0x0000000082e00000| Untracked 
|  46|0x0000000082e00000, 0x0000000082f00000, 0x0000000082f00000|100%| O|  |TAMS 0x0000000082f00000, 0x0000000082f00000| Untracked 
|  47|0x0000000082f00000, 0x0000000083000000, 0x0000000083000000|100%| O|  |TAMS 0x0000000083000000, 0x0000000083000000| Untracked 
|  48|0x0000000083000000, 0x0000000083100000, 0x0000000083100000|100%| O|  |TAMS 0x0000000083100000, 0x0000000083100000| Untracked 
|  49|0x0000000083100000, 0x0000000083200000, 0x0000000083200000|100%| O|  |TAMS 0x0000000083200000, 0x0000000083200000| Untracked 
|  50|0x0000000083200000, 0x0000000083300000, 0x0000000083300000|100%| O|  |TAMS 0x0000000083300000, 0x0000000083300000| Untracked 
|  51|0x0000000083300000, 0x0000000083400000, 0x0000000083400000|100%| O|  |TAMS 0x0000000083400000, 0x0000000083400000| Untracked 
|  52|0x0000000083400000, 0x0000000083500000, 0x0000000083500000|100%| O|  |TAMS 0x0000000083500000, 0x0000000083500000| Untracked 
|  53|0x0000000083500000, 0x0000000083600000, 0x0000000083600000|100%| O|  |TAMS 0x0000000083600000, 0x0000000083600000| Untracked 
|  54|0x0000000083600000, 0x0000000083700000, 0x0000000083700000|100%| O|  |TAMS 0x0000000083700000, 0x0000000083700000| Untracked 
|  55|0x0000000083700000, 0x0000000083800000, 0x0000000083800000|100%| O|  |TAMS 0x0000000083800000, 0x0000000083800000| Untracked 
|  56|0x0000000083800000, 0x0000000083900000, 0x0000000083900000|100%| O|  |TAMS 0x0000000083900000, 0x0000000083900000| Untracked 
|  57|0x0000000083900000, 0x0000000083a00000, 0x0000000083a00000|100%| O|  |TAMS 0x0000000083a00000, 0x0000000083a00000| Untracked 
|  58|0x0000000083a00000, 0x0000000083b00000, 0x0000000083b00000|100%| O|  |TAMS 0x0000000083b00000, 0x0000000083b00000| Untracked 
|  59|0x0000000083b00000, 0x0000000083c00000, 0x0000000083c00000|100%| O|  |TAMS 0x0000000083c00000, 0x0000000083c00000| Untracked 
|  60|0x0000000083c00000, 0x0000000083d00000, 0x0000000083d00000|100%| O|  |TAMS 0x0000000083d00000, 0x0000000083d00000| Untracked 
|  61|0x0000000083d00000, 0x0000000083e00000, 0x0000000083e00000|100%| O|  |TAMS 0x0000000083e00000, 0x0000000083e00000| Untracked 
|  62|0x0000000083e00000, 0x0000000083f00000, 0x0000000083f00000|100%| O|  |TAMS 0x0000000083f00000, 0x0000000083f00000| Untracked 
|  63|0x0000000083f00000, 0x0000000084000000, 0x0000000084000000|100%| O|  |TAMS 0x0000000084000000, 0x0000000084000000| Untracked 
|  64|0x0000000084000000, 0x0000000084100000, 0x0000000084100000|100%| O|  |TAMS 0x0000000084100000, 0x0000000084100000| Untracked 
|  65|0x0000000084100000, 0x0000000084200000, 0x0000000084200000|100%| O|  |TAMS 0x0000000084200000, 0x0000000084200000| Untracked 
|  66|0x0000000084200000, 0x0000000084300000, 0x0000000084300000|100%| O|  |TAMS 0x0000000084300000, 0x0000000084300000| Untracked 
|  67|0x0000000084300000, 0x0000000084400000, 0x0000000084400000|100%| O|  |TAMS 0x0000000084400000, 0x0000000084400000| Untracked 
|  68|0x0000000084400000, 0x0000000084500000, 0x0000000084500000|100%| O|  |TAMS 0x0000000084500000, 0x0000000084500000| Untracked 
|  69|0x0000000084500000, 0x0000000084600000, 0x0000000084600000|100%| O|  |TAMS 0x0000000084600000, 0x0000000084600000| Untracked 
|  70|0x0000000084600000, 0x0000000084700000, 0x0000000084700000|100%| O|  |TAMS 0x0000000084700000, 0x0000000084700000| Untracked 
|  71|0x0000000084700000, 0x0000000084800000, 0x0000000084800000|100%| O|  |TAMS 0x0000000084800000, 0x0000000084800000| Untracked 
|  72|0x0000000084800000, 0x0000000084900000, 0x0000000084900000|100%| O|  |TAMS 0x0000000084900000, 0x0000000084900000| Untracked 
|  73|0x0000000084900000, 0x0000000084a00000, 0x0000000084a00000|100%| O|  |TAMS 0x0000000084a00000, 0x0000000084a00000| Untracked 
|  74|0x0000000084a00000, 0x0000000084b00000, 0x0000000084b00000|100%| O|  |TAMS 0x0000000084b00000, 0x0000000084b00000| Untracked 
|  75|0x0000000084b00000, 0x0000000084c00000, 0x0000000084c00000|100%| O|  |TAMS 0x0000000084c00000, 0x0000000084c00000| Untracked 
|  76|0x0000000084c00000, 0x0000000084d00000, 0x0000000084d00000|100%| O|  |TAMS 0x0000000084d00000, 0x0000000084d00000| Untracked 
|  77|0x0000000084d00000, 0x0000000084e00000, 0x0000000084e00000|100%| O|  |TAMS 0x0000000084e00000, 0x0000000084e00000| Untracked 
|  78|0x0000000084e00000, 0x0000000084f00000, 0x0000000084f00000|100%| O|  |TAMS 0x0000000084f00000, 0x0000000084f00000| Untracked 
|  79|0x0000000084f00000, 0x0000000085000000, 0x0000000085000000|100%| O|  |TAMS 0x0000000085000000, 0x0000000085000000| Untracked 
|  80|0x0000000085000000, 0x0000000085100000, 0x0000000085100000|100%| O|  |TAMS 0x0000000085100000, 0x0000000085100000| Untracked 
|  81|0x0000000085100000, 0x0000000085200000, 0x0000000085200000|100%| O|  |TAMS 0x0000000085200000, 0x0000000085200000| Untracked 
|  82|0x0000000085200000, 0x0000000085300000, 0x0000000085300000|100%| O|  |TAMS 0x0000000085300000, 0x0000000085300000| Untracked 
|  83|0x0000000085300000, 0x0000000085400000, 0x0000000085400000|100%| O|  |TAMS 0x0000000085400000, 0x0000000085400000| Untracked 
|  84|0x0000000085400000, 0x0000000085500000, 0x0000000085500000|100%| O|  |TAMS 0x0000000085500000, 0x0000000085500000| Untracked 
|  85|0x0000000085500000, 0x0000000085600000, 0x0000000085600000|100%| O|  |TAMS 0x0000000085600000, 0x0000000085600000| Untracked 
|  86|0x0000000085600000, 0x0000000085700000, 0x0000000085700000|100%| O|  |TAMS 0x0000000085700000, 0x0000000085700000| Untracked 
|  87|0x0000000085700000, 0x0000000085800000, 0x0000000085800000|100%| O|  |TAMS 0x0000000085800000, 0x0000000085800000| Untracked 
|  88|0x0000000085800000, 0x0000000085900000, 0x0000000085900000|100%| O|  |TAMS 0x0000000085900000, 0x0000000085900000| Untracked 
|  89|0x0000000085900000, 0x0000000085984000, 0x0000000085a00000| 51%| O|  |TAMS 0x0000000085984000, 0x0000000085984000| Untracked 
|  90|0x0000000085a00000, 0x0000000085b00000, 0x0000000085b00000|100%|HS|  |TAMS 0x0000000085a00000, 0x0000000085a00000| Complete 
|  91|0x0000000085b00000, 0x0000000085b00000, 0x0000000085c00000|  0%| F|  |TAMS 0x0000000085b00000, 0x0000000085b00000| Untracked 
|  92|0x0000000085c00000, 0x0000000085c00000, 0x0000000085d00000|  0%| F|  |TAMS 0x0000000085c00000, 0x0000000085c00000| Untracked 
|  93|0x0000000085d00000, 0x0000000085d00000, 0x0000000085e00000|  0%| F|  |TAMS 0x0000000085d00000, 0x0000000085d00000| Untracked 
|  94|0x0000000085e00000, 0x0000000085e00000, 0x0000000085f00000|  0%| F|  |TAMS 0x0000000085e00000, 0x0000000085e00000| Untracked 
|  95|0x0000000085f00000, 0x0000000085f00000, 0x0000000086000000|  0%| F|  |TAMS 0x0000000085f00000, 0x0000000085f00000| Untracked 
|  96|0x0000000086000000, 0x0000000086000000, 0x0000000086100000|  0%| F|  |TAMS 0x0000000086000000, 0x0000000086000000| Untracked 
|  97|0x0000000086100000, 0x0000000086100000, 0x0000000086200000|  0%| F|  |TAMS 0x0000000086100000, 0x0000000086100000| Untracked 
|  98|0x0000000086200000, 0x0000000086200000, 0x0000000086300000|  0%| F|  |TAMS 0x0000000086200000, 0x0000000086200000| Untracked 
|  99|0x0000000086300000, 0x0000000086300000, 0x0000000086400000|  0%| F|  |TAMS 0x0000000086300000, 0x0000000086300000| Untracked 
| 100|0x0000000086400000, 0x0000000086400000, 0x0000000086500000|  0%| F|  |TAMS 0x0000000086400000, 0x0000000086400000| Untracked 
| 101|0x0000000086500000, 0x0000000086500000, 0x0000000086600000|  0%| F|  |TAMS 0x0000000086500000, 0x0000000086500000| Untracked 
| 102|0x0000000086600000, 0x0000000086600000, 0x0000000086700000|  0%| F|  |TAMS 0x0000000086600000, 0x0000000086600000| Untracked 
| 103|0x0000000086700000, 0x0000000086700000, 0x0000000086800000|  0%| F|  |TAMS 0x0000000086700000, 0x0000000086700000| Untracked 
| 104|0x0000000086800000, 0x0000000086800000, 0x0000000086900000|  0%| F|  |TAMS 0x0000000086800000, 0x0000000086800000| Untracked 
| 105|0x0000000086900000, 0x0000000086900000, 0x0000000086a00000|  0%| F|  |TAMS 0x0000000086900000, 0x0000000086900000| Untracked 
| 106|0x0000000086a00000, 0x0000000086a00000, 0x0000000086b00000|  0%| F|  |TAMS 0x0000000086a00000, 0x0000000086a00000| Untracked 
| 107|0x0000000086b00000, 0x0000000086b00000, 0x0000000086c00000|  0%| F|  |TAMS 0x0000000086b00000, 0x0000000086b00000| Untracked 
| 108|0x0000000086c00000, 0x0000000086c00000, 0x0000000086d00000|  0%| F|  |TAMS 0x0000000086c00000, 0x0000000086c00000| Untracked 
| 109|0x0000000086d00000, 0x0000000086d00000, 0x0000000086e00000|  0%| F|  |TAMS 0x0000000086d00000, 0x0000000086d00000| Untracked 
| 110|0x0000000086e00000, 0x0000000086e00000, 0x0000000086f00000|  0%| F|  |TAMS 0x0000000086e00000, 0x0000000086e00000| Untracked 
| 111|0x0000000086f00000, 0x0000000086f00000, 0x0000000087000000|  0%| F|  |TAMS 0x0000000086f00000, 0x0000000086f00000| Untracked 
| 112|0x0000000087000000, 0x0000000087000000, 0x0000000087100000|  0%| F|  |TAMS 0x0000000087000000, 0x0000000087000000| Untracked 
| 113|0x0000000087100000, 0x0000000087100000, 0x0000000087200000|  0%| F|  |TAMS 0x0000000087100000, 0x0000000087100000| Untracked 
| 114|0x0000000087200000, 0x0000000087200000, 0x0000000087300000|  0%| F|  |TAMS 0x0000000087200000, 0x0000000087200000| Untracked 
| 115|0x0000000087300000, 0x0000000087300000, 0x0000000087400000|  0%| F|  |TAMS 0x0000000087300000, 0x0000000087300000| Untracked 
| 116|0x0000000087400000, 0x0000000087400000, 0x0000000087500000|  0%| F|  |TAMS 0x0000000087400000, 0x0000000087400000| Untracked 
| 117|0x0000000087500000, 0x0000000087500000, 0x0000000087600000|  0%| F|  |TAMS 0x0000000087500000, 0x0000000087500000| Untracked 
| 118|0x0000000087600000, 0x0000000087600000, 0x0000000087700000|  0%| F|  |TAMS 0x0000000087600000, 0x0000000087600000| Untracked 
| 119|0x0000000087700000, 0x0000000087700000, 0x0000000087800000|  0%| F|  |TAMS 0x0000000087700000, 0x0000000087700000| Untracked 
| 120|0x0000000087800000, 0x0000000087800000, 0x0000000087900000|  0%| F|  |TAMS 0x0000000087800000, 0x0000000087800000| Untracked 
| 121|0x0000000087900000, 0x0000000087900000, 0x0000000087a00000|  0%| F|  |TAMS 0x0000000087900000, 0x0000000087900000| Untracked 
| 122|0x0000000087a00000, 0x0000000087a00000, 0x0000000087b00000|  0%| F|  |TAMS 0x0000000087a00000, 0x0000000087a00000| Untracked 
| 123|0x0000000087b00000, 0x0000000087b00000, 0x0000000087c00000|  0%| F|  |TAMS 0x0000000087b00000, 0x0000000087b00000| Untracked 
| 124|0x0000000087c00000, 0x0000000087c00000, 0x0000000087d00000|  0%| F|  |TAMS 0x0000000087c00000, 0x0000000087c00000| Untracked 
| 125|0x0000000087d00000, 0x0000000087d00000, 0x0000000087e00000|  0%| F|  |TAMS 0x0000000087d00000, 0x0000000087d00000| Untracked 
| 126|0x0000000087e00000, 0x0000000087e00000, 0x0000000087f00000|  0%| F|  |TAMS 0x0000000087e00000, 0x0000000087e00000| Untracked 
| 127|0x0000000087f00000, 0x0000000087f00000, 0x0000000088000000|  0%| F|  |TAMS 0x0000000087f00000, 0x0000000087f00000| Untracked 
| 128|0x0000000088000000, 0x0000000088000000, 0x0000000088100000|  0%| F|  |TAMS 0x0000000088000000, 0x0000000088000000| Untracked 
| 129|0x0000000088100000, 0x0000000088100000, 0x0000000088200000|  0%| F|  |TAMS 0x0000000088100000, 0x0000000088100000| Untracked 
| 130|0x0000000088200000, 0x0000000088200000, 0x0000000088300000|  0%| F|  |TAMS 0x0000000088200000, 0x0000000088200000| Untracked 
| 131|0x0000000088300000, 0x0000000088300000, 0x0000000088400000|  0%| F|  |TAMS 0x0000000088300000, 0x0000000088300000| Untracked 
| 132|0x0000000088400000, 0x0000000088400000, 0x0000000088500000|  0%| F|  |TAMS 0x0000000088400000, 0x0000000088400000| Untracked 
| 133|0x0000000088500000, 0x0000000088500000, 0x0000000088600000|  0%| F|  |TAMS 0x0000000088500000, 0x0000000088500000| Untracked 
| 134|0x0000000088600000, 0x0000000088600000, 0x0000000088700000|  0%| F|  |TAMS 0x0000000088600000, 0x0000000088600000| Untracked 
| 135|0x0000000088700000, 0x0000000088700000, 0x0000000088800000|  0%| F|  |TAMS 0x0000000088700000, 0x0000000088700000| Untracked 
| 136|0x0000000088800000, 0x0000000088800000, 0x0000000088900000|  0%| F|  |TAMS 0x0000000088800000, 0x0000000088800000| Untracked 
| 137|0x0000000088900000, 0x0000000088900000, 0x0000000088a00000|  0%| F|  |TAMS 0x0000000088900000, 0x0000000088900000| Untracked 
| 138|0x0000000088a00000, 0x0000000088a00000, 0x0000000088b00000|  0%| F|  |TAMS 0x0000000088a00000, 0x0000000088a00000| Untracked 
| 139|0x0000000088b00000, 0x0000000088b00000, 0x0000000088c00000|  0%| F|  |TAMS 0x0000000088b00000, 0x0000000088b00000| Untracked 
| 140|0x0000000088c00000, 0x0000000088c00000, 0x0000000088d00000|  0%| F|  |TAMS 0x0000000088c00000, 0x0000000088c00000| Untracked 
| 141|0x0000000088d00000, 0x0000000088d00000, 0x0000000088e00000|  0%| F|  |TAMS 0x0000000088d00000, 0x0000000088d00000| Untracked 
| 142|0x0000000088e00000, 0x0000000088e00000, 0x0000000088f00000|  0%| F|  |TAMS 0x0000000088e00000, 0x0000000088e00000| Untracked 
| 143|0x0000000088f00000, 0x0000000088f00000, 0x0000000089000000|  0%| F|  |TAMS 0x0000000088f00000, 0x0000000088f00000| Untracked 
| 144|0x0000000089000000, 0x0000000089000000, 0x0000000089100000|  0%| F|  |TAMS 0x0000000089000000, 0x0000000089000000| Untracked 
| 145|0x0000000089100000, 0x0000000089100000, 0x0000000089200000|  0%| F|  |TAMS 0x0000000089100000, 0x0000000089100000| Untracked 
| 146|0x0000000089200000, 0x0000000089200000, 0x0000000089300000|  0%| F|  |TAMS 0x0000000089200000, 0x0000000089200000| Untracked 
| 147|0x0000000089300000, 0x0000000089300000, 0x0000000089400000|  0%| F|  |TAMS 0x0000000089300000, 0x0000000089300000| Untracked 
| 148|0x0000000089400000, 0x0000000089400000, 0x0000000089500000|  0%| F|  |TAMS 0x0000000089400000, 0x0000000089400000| Untracked 
| 149|0x0000000089500000, 0x0000000089500000, 0x0000000089600000|  0%| F|  |TAMS 0x0000000089500000, 0x0000000089500000| Untracked 
| 150|0x0000000089600000, 0x0000000089600000, 0x0000000089700000|  0%| F|  |TAMS 0x0000000089600000, 0x0000000089600000| Untracked 
| 151|0x0000000089700000, 0x0000000089700000, 0x0000000089800000|  0%| F|  |TAMS 0x0000000089700000, 0x0000000089700000| Untracked 
| 152|0x0000000089800000, 0x0000000089800000, 0x0000000089900000|  0%| F|  |TAMS 0x0000000089800000, 0x0000000089800000| Untracked 
| 153|0x0000000089900000, 0x0000000089900000, 0x0000000089a00000|  0%| F|  |TAMS 0x0000000089900000, 0x0000000089900000| Untracked 
| 154|0x0000000089a00000, 0x0000000089a00000, 0x0000000089b00000|  0%| F|  |TAMS 0x0000000089a00000, 0x0000000089a00000| Untracked 
| 155|0x0000000089b00000, 0x0000000089b00000, 0x0000000089c00000|  0%| F|  |TAMS 0x0000000089b00000, 0x0000000089b00000| Untracked 
| 156|0x0000000089c00000, 0x0000000089c00000, 0x0000000089d00000|  0%| F|  |TAMS 0x0000000089c00000, 0x0000000089c00000| Untracked 
| 157|0x0000000089d00000, 0x0000000089d00000, 0x0000000089e00000|  0%| F|  |TAMS 0x0000000089d00000, 0x0000000089d00000| Untracked 
| 158|0x0000000089e00000, 0x0000000089e00000, 0x0000000089f00000|  0%| F|  |TAMS 0x0000000089e00000, 0x0000000089e00000| Untracked 
| 159|0x0000000089f00000, 0x0000000089f00000, 0x000000008a000000|  0%| F|  |TAMS 0x0000000089f00000, 0x0000000089f00000| Untracked 
| 160|0x000000008a000000, 0x000000008a000000, 0x000000008a100000|  0%| F|  |TAMS 0x000000008a000000, 0x000000008a000000| Untracked 
| 161|0x000000008a100000, 0x000000008a100000, 0x000000008a200000|  0%| F|  |TAMS 0x000000008a100000, 0x000000008a100000| Untracked 
| 162|0x000000008a200000, 0x000000008a200000, 0x000000008a300000|  0%| F|  |TAMS 0x000000008a200000, 0x000000008a200000| Untracked 
| 163|0x000000008a300000, 0x000000008a300000, 0x000000008a400000|  0%| F|  |TAMS 0x000000008a300000, 0x000000008a300000| Untracked 
| 164|0x000000008a400000, 0x000000008a400000, 0x000000008a500000|  0%| F|  |TAMS 0x000000008a400000, 0x000000008a400000| Untracked 
| 165|0x000000008a500000, 0x000000008a500000, 0x000000008a600000|  0%| F|  |TAMS 0x000000008a500000, 0x000000008a500000| Untracked 
| 166|0x000000008a600000, 0x000000008a600000, 0x000000008a700000|  0%| F|  |TAMS 0x000000008a600000, 0x000000008a600000| Untracked 
| 167|0x000000008a700000, 0x000000008a700000, 0x000000008a800000|  0%| F|  |TAMS 0x000000008a700000, 0x000000008a700000| Untracked 
| 168|0x000000008a800000, 0x000000008a800000, 0x000000008a900000|  0%| F|  |TAMS 0x000000008a800000, 0x000000008a800000| Untracked 
| 169|0x000000008a900000, 0x000000008a900000, 0x000000008aa00000|  0%| F|  |TAMS 0x000000008a900000, 0x000000008a900000| Untracked 
| 170|0x000000008aa00000, 0x000000008aa00000, 0x000000008ab00000|  0%| F|  |TAMS 0x000000008aa00000, 0x000000008aa00000| Untracked 
| 171|0x000000008ab00000, 0x000000008ab00000, 0x000000008ac00000|  0%| F|  |TAMS 0x000000008ab00000, 0x000000008ab00000| Untracked 
| 172|0x000000008ac00000, 0x000000008ac00000, 0x000000008ad00000|  0%| F|  |TAMS 0x000000008ac00000, 0x000000008ac00000| Untracked 
| 173|0x000000008ad00000, 0x000000008ad00000, 0x000000008ae00000|  0%| F|  |TAMS 0x000000008ad00000, 0x000000008ad00000| Untracked 
| 174|0x000000008ae00000, 0x000000008ae00000, 0x000000008af00000|  0%| F|  |TAMS 0x000000008ae00000, 0x000000008ae00000| Untracked 
| 175|0x000000008af00000, 0x000000008afb6128, 0x000000008b000000| 71%| S|CS|TAMS 0x000000008af00000, 0x000000008af00000| Complete 
| 176|0x000000008b000000, 0x000000008b100000, 0x000000008b100000|100%| S|CS|TAMS 0x000000008b000000, 0x000000008b000000| Complete 
| 177|0x000000008b100000, 0x000000008b100000, 0x000000008b200000|  0%| F|  |TAMS 0x000000008b100000, 0x000000008b100000| Untracked 
| 178|0x000000008b200000, 0x000000008b200000, 0x000000008b300000|  0%| F|  |TAMS 0x000000008b200000, 0x000000008b200000| Untracked 
| 179|0x000000008b300000, 0x000000008b300000, 0x000000008b400000|  0%| F|  |TAMS 0x000000008b300000, 0x000000008b300000| Untracked 
| 180|0x000000008b400000, 0x000000008b400000, 0x000000008b500000|  0%| F|  |TAMS 0x000000008b400000, 0x000000008b400000| Untracked 
| 181|0x000000008b500000, 0x000000008b500000, 0x000000008b600000|  0%| F|  |TAMS 0x000000008b500000, 0x000000008b500000| Untracked 
| 182|0x000000008b600000, 0x000000008b600000, 0x000000008b700000|  0%| F|  |TAMS 0x000000008b600000, 0x000000008b600000| Untracked 
| 183|0x000000008b700000, 0x000000008b700000, 0x000000008b800000|  0%| F|  |TAMS 0x000000008b700000, 0x000000008b700000| Untracked 
| 184|0x000000008b800000, 0x000000008b84f470, 0x000000008b900000| 30%| E|  |TAMS 0x000000008b800000, 0x000000008b800000| Complete 

Card table byte_map: [0x00000211fd370000,0x00000211fd770000] _byte_map_base: 0x00000211fcf70000

Marking Bits (Prev, Next): (CMBitMap*) 0x00000211f918f8b8, (CMBitMap*) 0x00000211f918f8f0
 Prev Bits: [0x00000211fdb70000, 0x00000211ffb70000)
 Next Bits: [0x000002118f000000, 0x0000021191000000)

Polling page: 0x00000211f70f0000

Metaspace:

Usage:
  Non-class:     93.76 MB capacity,    92.06 MB ( 98%) used,     1.37 MB (  1%) free+waste,   343.50 KB ( <1%) overhead. 
      Class:     14.62 MB capacity,    13.53 MB ( 92%) used,   967.91 KB (  6%) free+waste,   157.25 KB (  1%) overhead. 
       Both:    108.39 MB capacity,   105.58 MB ( 97%) used,     2.31 MB (  2%) free+waste,   500.75 KB ( <1%) overhead. 

Virtual space:
  Non-class space:       94.00 MB reserved,      94.00 MB (100%) committed 
      Class space:        1.00 GB reserved,      14.70 MB (  1%) committed 
             Both:        1.09 GB reserved,     108.70 MB ( 10%) committed 

Chunk freelists:
   Non-Class:  52.00 KB
       Class:  33.00 KB
        Both:  85.00 KB

MaxMetaspaceSize: 17179869184.00 GB
CompressedClassSpaceSize: 1.00 GB

CodeHeap 'non-profiled nmethods': size=120000Kb used=5936Kb max_used=5936Kb free=114063Kb
 bounds [0x0000021187ad0000, 0x00000211880a0000, 0x000002118f000000]
CodeHeap 'profiled nmethods': size=120000Kb used=29675Kb max_used=29675Kb free=90324Kb
 bounds [0x00000211805a0000, 0x00000211822a0000, 0x0000021187ad0000]
CodeHeap 'non-nmethods': size=5760Kb used=2330Kb max_used=2362Kb free=3429Kb
 bounds [0x0000021180000000, 0x0000021180270000, 0x00000211805a0000]
 total_blobs=14946 nmethods=13995 adapters=862
 compilation: enabled
              stopped_count=0, restarted_count=0
 full_count=0

Compilation events (20 events):
Event: 53.764 Thread 0x0000021193f8c800 14655       3       java.io.StringWriter::write (14 bytes)
Event: 53.765 Thread 0x0000021193f8c800 nmethod 14655 0x000002118227c690 code [0x000002118227c860, 0x000002118227cbc8]
Event: 53.765 Thread 0x0000021193f8c800 14644       3       com.android.tools.r8.graph.B0$b$$Lambda$1280/0x0000000100d65c40::a (9 bytes)
Event: 53.765 Thread 0x0000021193f8c800 nmethod 14644 0x000002118227cd10 code [0x000002118227cec0, 0x000002118227d018]
Event: 53.765 Thread 0x0000021193f8c800 14661       1       com.android.tools.r8.dex.b$b::a (2 bytes)
Event: 53.765 Thread 0x0000021193f8c800 nmethod 14661 0x000002118809bb10 code [0x000002118809bcc0, 0x000002118809bd78]
Event: 53.765 Thread 0x0000021193f8c800 14652       1       com.android.tools.r8.internal.np::getValue (5 bytes)
Event: 53.766 Thread 0x0000021193f8c800 nmethod 14652 0x000002118809be10 code [0x000002118809bfc0, 0x000002118809c078]
Event: 53.774 Thread 0x0000021193f8c800 14664       3       java.util.stream.SortedOps$SizedRefSortingSink::accept (18 bytes)
Event: 53.775 Thread 0x0000021193f8c800 nmethod 14664 0x000002118227d110 code [0x000002118227d2e0, 0x000002118227d578]
Event: 53.775 Thread 0x0000021193f8c800 14665       3       com.android.tools.r8.internal.Oz::a (176 bytes)
Event: 53.776 Thread 0x0000021193f8c800 nmethod 14665 0x000002118227d690 code [0x000002118227d8e0, 0x000002118227e0a8]
Event: 53.777 Thread 0x0000021193f8c800 14666       3       com.android.tools.r8.internal.Su::a (40 bytes)
Event: 53.778 Thread 0x0000021193f8c800 nmethod 14666 0x000002118227e390 code [0x000002118227e5e0, 0x000002118227ee48]
Event: 53.778 Thread 0x0000021193f8c800 14667       3       com.android.tools.r8.internal.oa::a (21 bytes)
Event: 53.779 Thread 0x0000021193f8c800 nmethod 14667 0x000002118227f210 code [0x000002118227f3e0, 0x000002118227f5e8]
Event: 53.779 Thread 0x0000021193f8c800 14668       3       com.android.tools.r8.internal.oa::a (8 bytes)
Event: 53.779 Thread 0x0000021193f8c800 nmethod 14668 0x000002118227f710 code [0x000002118227f8c0, 0x000002118227fa68]
Event: 53.783 Thread 0x0000021193f8c800 14669 %     3       java.util.IdentityHashMap$KeySet::toArray @ 49 (139 bytes)
Event: 53.785 Thread 0x0000021193f8c800 nmethod 14669% 0x000002118227fb10 code [0x000002118227fda0, 0x0000021182280a78]

GC Heap History (20 events):
Event: 30.991 GC heap before
{Heap before GC invocations=17 (full 0):
 garbage-first heap   total 189440K, used 141905K [0x0000000080000000, 0x0000000100000000)
  region size 1024K, 89 young (91136K), 9 survivors (9216K)
 Metaspace       used 80412K, capacity 82506K, committed 82764K, reserved 1120256K
  class space    used 10473K, capacity 11228K, committed 11340K, reserved 1048576K
}
Event: 31.139 GC heap after
{Heap after GC invocations=18 (full 0):
 garbage-first heap   total 189440K, used 73970K [0x0000000080000000, 0x0000000100000000)
  region size 1024K, 12 young (12288K), 12 survivors (12288K)
 Metaspace       used 80412K, capacity 82506K, committed 82764K, reserved 1120256K
  class space    used 10473K, capacity 11228K, committed 11340K, reserved 1048576K
}
Event: 33.745 GC heap before
{Heap before GC invocations=18 (full 0):
 garbage-first heap   total 189440K, used 156914K [0x0000000080000000, 0x0000000100000000)
  region size 1024K, 79 young (80896K), 12 survivors (12288K)
 Metaspace       used 83109K, capacity 85306K, committed 85580K, reserved 1124352K
  class space    used 10741K, capacity 11524K, committed 11596K, reserved 1048576K
}
Event: 33.783 GC heap after
{Heap after GC invocations=19 (full 0):
 garbage-first heap   total 189440K, used 79076K [0x0000000080000000, 0x0000000100000000)
  region size 1024K, 5 young (5120K), 5 survivors (5120K)
 Metaspace       used 83109K, capacity 85306K, committed 85580K, reserved 1124352K
  class space    used 10741K, capacity 11524K, committed 11596K, reserved 1048576K
}
Event: 34.969 GC heap before
{Heap before GC invocations=19 (full 0):
 garbage-first heap   total 189440K, used 145636K [0x0000000080000000, 0x0000000100000000)
  region size 1024K, 71 young (72704K), 5 survivors (5120K)
 Metaspace       used 85209K, capacity 87385K, committed 87628K, reserved 1124352K
  class space    used 10995K, capacity 11803K, committed 11852K, reserved 1048576K
}
Event: 34.995 GC heap after
{Heap after GC invocations=20 (full 0):
 garbage-first heap   total 189440K, used 81273K [0x0000000080000000, 0x0000000100000000)
  region size 1024K, 7 young (7168K), 7 survivors (7168K)
 Metaspace       used 85209K, capacity 87385K, committed 87628K, reserved 1124352K
  class space    used 10995K, capacity 11803K, committed 11852K, reserved 1048576K
}
Event: 42.982 GC heap before
{Heap before GC invocations=20 (full 0):
 garbage-first heap   total 189440K, used 147833K [0x0000000080000000, 0x0000000100000000)
  region size 1024K, 73 young (74752K), 7 survivors (7168K)
 Metaspace       used 88245K, capacity 90471K, committed 90572K, reserved 1128448K
  class space    used 11332K, capacity 12146K, committed 12236K, reserved 1048576K
}
Event: 43.010 GC heap after
{Heap after GC invocations=21 (full 0):
 garbage-first heap   total 189440K, used 88197K [0x0000000080000000, 0x0000000100000000)
  region size 1024K, 10 young (10240K), 10 survivors (10240K)
 Metaspace       used 88245K, capacity 90471K, committed 90572K, reserved 1128448K
  class space    used 11332K, capacity 12146K, committed 12236K, reserved 1048576K
}
Event: 44.813 GC heap before
{Heap before GC invocations=21 (full 0):
 garbage-first heap   total 189440K, used 148613K [0x0000000080000000, 0x0000000100000000)
  region size 1024K, 70 young (71680K), 10 survivors (10240K)
 Metaspace       used 93972K, capacity 96278K, committed 96460K, reserved 1132544K
  class space    used 12081K, capacity 12952K, committed 13004K, reserved 1048576K
}
Event: 44.841 GC heap after
{Heap after GC invocations=22 (full 0):
 garbage-first heap   total 189440K, used 90497K [0x0000000080000000, 0x0000000100000000)
  region size 1024K, 5 young (5120K), 5 survivors (5120K)
 Metaspace       used 93972K, capacity 96278K, committed 96460K, reserved 1132544K
  class space    used 12081K, capacity 12952K, committed 13004K, reserved 1048576K
}
Event: 45.251 GC heap before
{Heap before GC invocations=22 (full 0):
 garbage-first heap   total 189440K, used 95617K [0x0000000080000000, 0x0000000100000000)
  region size 1024K, 12 young (12288K), 5 survivors (5120K)
 Metaspace       used 95412K, capacity 97741K, committed 97868K, reserved 1134592K
  class space    used 12236K, capacity 13099K, committed 13132K, reserved 1048576K
}
Event: 45.281 GC heap after
{Heap after GC invocations=23 (full 0):
 garbage-first heap   total 189440K, used 90744K [0x0000000080000000, 0x0000000100000000)
  region size 1024K, 5 young (5120K), 5 survivors (5120K)
 Metaspace       used 95412K, capacity 97741K, committed 97868K, reserved 1134592K
  class space    used 12236K, capacity 13099K, committed 13132K, reserved 1048576K
}
Event: 50.038 GC heap before
{Heap before GC invocations=24 (full 0):
 garbage-first heap   total 189440K, used 157304K [0x0000000080000000, 0x0000000100000000)
  region size 1024K, 67 young (68608K), 5 survivors (5120K)
 Metaspace       used 97863K, capacity 100163K, committed 100428K, reserved 1136640K
  class space    used 12418K, capacity 13295K, committed 13388K, reserved 1048576K
}
Event: 50.050 GC heap after
{Heap after GC invocations=25 (full 0):
 garbage-first heap   total 189440K, used 90279K [0x0000000080000000, 0x0000000100000000)
  region size 1024K, 4 young (4096K), 4 survivors (4096K)
 Metaspace       used 97863K, capacity 100163K, committed 100428K, reserved 1136640K
  class space    used 12418K, capacity 13295K, committed 13388K, reserved 1048576K
}
Event: 50.264 GC heap before
{Heap before GC invocations=25 (full 0):
 garbage-first heap   total 189440K, used 95399K [0x0000000080000000, 0x0000000100000000)
  region size 1024K, 9 young (9216K), 4 survivors (4096K)
 Metaspace       used 98412K, capacity 100736K, committed 100940K, reserved 1136640K
  class space    used 12495K, capacity 13348K, committed 13388K, reserved 1048576K
}
Event: 50.276 GC heap after
{Heap after GC invocations=26 (full 0):
 garbage-first heap   total 189440K, used 83372K [0x0000000080000000, 0x0000000100000000)
  region size 1024K, 2 young (2048K), 2 survivors (2048K)
 Metaspace       used 98412K, capacity 100736K, committed 100940K, reserved 1136640K
  class space    used 12495K, capacity 13348K, committed 13388K, reserved 1048576K
}
Event: 52.506 GC heap before
{Heap before GC invocations=26 (full 0):
 garbage-first heap   total 189440K, used 153004K [0x0000000080000000, 0x0000000100000000)
  region size 1024K, 71 young (72704K), 2 survivors (2048K)
 Metaspace       used 106486K, capacity 109219K, committed 109260K, reserved 1144832K
  class space    used 13700K, capacity 14769K, committed 14796K, reserved 1048576K
}
Event: 52.536 GC heap after
{Heap after GC invocations=27 (full 0):
 garbage-first heap   total 189440K, used 93978K [0x0000000080000000, 0x0000000100000000)
  region size 1024K, 9 young (9216K), 9 survivors (9216K)
 Metaspace       used 106486K, capacity 109219K, committed 109260K, reserved 1144832K
  class space    used 13700K, capacity 14769K, committed 14796K, reserved 1048576K
}
Event: 53.144 GC heap before
{Heap before GC invocations=27 (full 0):
 garbage-first heap   total 189440K, used 117530K [0x0000000080000000, 0x0000000100000000)
  region size 1024K, 34 young (34816K), 9 survivors (9216K)
 Metaspace       used 107727K, capacity 110601K, committed 110796K, reserved 1144832K
  class space    used 13844K, capacity 14943K, committed 15052K, reserved 1048576K
}
Event: 53.196 GC heap after
{Heap after GC invocations=28 (full 0):
 garbage-first heap   total 189440K, used 95693K [0x0000000080000000, 0x0000000100000000)
  region size 1024K, 4 young (4096K), 4 survivors (4096K)
 Metaspace       used 107727K, capacity 110601K, committed 110796K, reserved 1144832K
  class space    used 13844K, capacity 14943K, committed 15052K, reserved 1048576K
}

Deoptimization events (20 events):
Event: 53.247 Thread 0x000002119a326800 DEOPT PACKING pc=0x0000021182021733 sp=0x000000d24f0fc030
Event: 53.247 Thread 0x000002119a326800 DEOPT UNPACKING pc=0x00000211800276ce sp=0x000000d24f0fb4c8 mode 0
Event: 53.250 Thread 0x000002119a326800 DEOPT PACKING pc=0x0000021182021733 sp=0x000000d24f0fc030
Event: 53.250 Thread 0x000002119a326800 DEOPT UNPACKING pc=0x00000211800276ce sp=0x000000d24f0fb4c8 mode 0
Event: 53.251 Thread 0x000002119a326800 DEOPT PACKING pc=0x0000021182021733 sp=0x000000d24f0fc030
Event: 53.251 Thread 0x000002119a326800 DEOPT UNPACKING pc=0x00000211800276ce sp=0x000000d24f0fb4c8 mode 0
Event: 53.253 Thread 0x000002119a326800 DEOPT PACKING pc=0x0000021182021733 sp=0x000000d24f0fc030
Event: 53.253 Thread 0x000002119a326800 DEOPT UNPACKING pc=0x00000211800276ce sp=0x000000d24f0fb4c8 mode 0
Event: 53.255 Thread 0x000002119a326800 DEOPT PACKING pc=0x0000021182021733 sp=0x000000d24f0fc030
Event: 53.255 Thread 0x000002119a326800 DEOPT UNPACKING pc=0x00000211800276ce sp=0x000000d24f0fb4c8 mode 0
Event: 53.270 Thread 0x000002119a325000 Uncommon trap: trap_request=0xffffff4d fr.pc=0x0000021187f67784 relative=0x0000000000000144
Event: 53.270 Thread 0x000002119a325000 Uncommon trap: reason=unstable_if action=reinterpret pc=0x0000021187f67784 method=java.util.concurrent.TimeUnit.convert(JLjava/util/concurrent/TimeUnit;)J @ 8 c2
Event: 53.270 Thread 0x000002119a325000 DEOPT PACKING pc=0x0000021187f67784 sp=0x000000d24eefc610
Event: 53.270 Thread 0x000002119a325000 DEOPT UNPACKING pc=0x00000211800278af sp=0x000000d24eefc5c0 mode 2
Event: 53.292 Thread 0x000002119a326800 DEOPT PACKING pc=0x000002118203f777 sp=0x000000d24f0fc1e0
Event: 53.294 Thread 0x000002119a326800 DEOPT UNPACKING pc=0x00000211800276ce sp=0x000000d24f0fb850 mode 0
Event: 53.498 Thread 0x000002119a326800 DEOPT PACKING pc=0x0000021181f3df6c sp=0x000000d24f0fcbd0
Event: 53.498 Thread 0x000002119a326800 DEOPT UNPACKING pc=0x00000211800276ce sp=0x000000d24f0fbf80 mode 0
Event: 53.756 Thread 0x000002119a326800 DEOPT PACKING pc=0x0000021182123bbc sp=0x000000d24f0fc390
Event: 53.756 Thread 0x000002119a326800 DEOPT UNPACKING pc=0x00000211800276ce sp=0x000000d24f0fb880 mode 0

Classes redefined (0 events):
No events

Internal exceptions (20 events):
Event: 51.461 Thread 0x000002119a326800 Exception <a 'java/lang/IncompatibleClassChangeError'{0x00000000894ea708}: Found class java.lang.Object, but interface was expected> (0x00000000894ea708) thrown at [./src/hotspot/share/interpreter/linkResolver.cpp, line 839]
Event: 51.802 Thread 0x000002119a326800 Exception <a 'java/lang/NoSuchMethodError'{0x0000000088ad88f8}: 'java.lang.Object java.lang.invoke.Invokers$Holder.linkToTargetMethod(java.lang.Object, java.lang.Object, java.lang.Object, java.lang.Object, java.lang.Object, java.lang.Object, java.lang.Object)'> (0x0000000088ad88f8) thrown at [./src/hotspot/share/interpreter/linkResolver.cpp, line 773]
Event: 51.802 Thread 0x000002119a325000 Exception <a 'java/lang/NoSuchMethodError'{0x0000000088a55668}: 'java.lang.Object java.lang.invoke.Invokers$Holder.linkToTargetMethod(java.lang.Object, java.lang.Object, java.lang.Object, java.lang.Object, java.lang.Object, java.lang.Object, java.lang.Object)'> (0x0000000088a55668) thrown at [./src/hotspot/share/interpreter/linkResolver.cpp, line 773]
Event: 51.802 Thread 0x000002119a324000 Exception <a 'java/lang/NoSuchMethodError'{0x0000000088aecfc0}: 'java.lang.Object java.lang.invoke.Invokers$Holder.linkToTargetMethod(java.lang.Object, java.lang.Object, java.lang.Object, java.lang.Object, java.lang.Object, java.lang.Object, java.lang.Object)'> (0x0000000088aecfc0) thrown at [./src/hotspot/share/interpreter/linkResolver.cpp, line 773]
Event: 51.802 Thread 0x000002119a326000 Exception <a 'java/lang/NoSuchMethodError'{0x0000000088abc890}: 'java.lang.Object java.lang.invoke.Invokers$Holder.linkToTargetMethod(java.lang.Object, java.lang.Object, java.lang.Object, java.lang.Object, java.lang.Object, java.lang.Object, java.lang.Object)'> (0x0000000088abc890) thrown at [./src/hotspot/share/interpreter/linkResolver.cpp, line 773]
Event: 52.016 Thread 0x000002119a326800 Exception <a 'java/lang/NoSuchMethodError'{0x00000000886d59e8}: 'java.lang.Object java.lang.invoke.DirectMethodHandle$Holder.invokeVirtual(java.lang.Object, java.lang.Object, int, java.lang.Object)'> (0x00000000886d59e8) thrown at [./src/hotspot/share/interpreter/linkResolver.cpp, line 773]
Event: 52.016 Thread 0x000002119a324000 Exception <a 'java/lang/NoSuchMethodError'{0x00000000886b68a8}: 'java.lang.Object java.lang.invoke.DirectMethodHandle$Holder.invokeVirtual(java.lang.Object, java.lang.Object, int, java.lang.Object)'> (0x00000000886b68a8) thrown at [./src/hotspot/share/interpreter/linkResolver.cpp, line 773]
Event: 52.018 Thread 0x000002119a326000 Exception <a 'java/lang/NoSuchMethodError'{0x0000000088517ce0}: 'java.lang.Object java.lang.invoke.DirectMethodHandle$Holder.invokeVirtual(java.lang.Object, java.lang.Object, int, java.lang.Object)'> (0x0000000088517ce0) thrown at [./src/hotspot/share/interpreter/linkResolver.cpp, line 773]
Event: 52.060 Thread 0x000002119a326800 Exception <a 'java/lang/NoSuchMethodError'{0x00000000885c0558}: 'void java.lang.invoke.DirectMethodHandle$Holder.invokeVirtual(java.lang.Object, java.lang.Object, int, java.lang.Object)'> (0x00000000885c0558) thrown at [./src/hotspot/share/interpreter/linkResolver.cpp, line 773]
Event: 52.062 Thread 0x000002119a324000 Exception <a 'java/lang/NoSuchMethodError'{0x00000000884773d8}: 'void java.lang.invoke.DirectMethodHandle$Holder.invokeVirtual(java.lang.Object, java.lang.Object, int, java.lang.Object)'> (0x00000000884773d8) thrown at [./src/hotspot/share/interpreter/linkResolver.cpp, line 773]
Event: 52.235 Thread 0x000002119a326000 Exception <a 'java/lang/IncompatibleClassChangeError'{0x0000000087f74d98}: Found class java.lang.Object, but interface was expected> (0x0000000087f74d98) thrown at [./src/hotspot/share/interpreter/linkResolver.cpp, line 839]
Event: 52.235 Thread 0x000002119a324000 Exception <a 'java/lang/IncompatibleClassChangeError'{0x0000000087f42608}: Found class java.lang.Object, but interface was expected> (0x0000000087f42608) thrown at [./src/hotspot/share/interpreter/linkResolver.cpp, line 839]
Event: 52.237 Thread 0x000002119a326000 Exception <a 'java/lang/IncompatibleClassChangeError'{0x0000000087f7d670}: Found class java.lang.Object, but interface was expected> (0x0000000087f7d670) thrown at [./src/hotspot/share/interpreter/linkResolver.cpp, line 839]
Event: 52.237 Thread 0x000002119a324000 Exception <a 'java/lang/IncompatibleClassChangeError'{0x0000000087f45520}: Found class java.lang.Object, but interface was expected> (0x0000000087f45520) thrown at [./src/hotspot/share/interpreter/linkResolver.cpp, line 839]
Event: 52.237 Thread 0x000002119a326800 Exception <a 'java/lang/IncompatibleClassChangeError'{0x0000000087f53710}: Found class java.lang.Object, but interface was expected> (0x0000000087f53710) thrown at [./src/hotspot/share/interpreter/linkResolver.cpp, line 839]
Event: 52.536 Thread 0x000002119a324000 Exception <a 'java/lang/NoSuchMethodError'{0x000000008b8a6468}: 'java.lang.Object java.lang.invoke.Invokers$Holder.linkToTargetMethod(java.lang.Object, int, java.lang.Object, java.lang.Object, java.lang.Object, java.lang.Object)'> (0x000000008b8a6468) thrown at [./src/hotspot/share/interpreter/linkResolver.cpp, line 773]
Event: 52.537 Thread 0x000002119a324000 Exception <a 'java/lang/NoSuchMethodError'{0x000000008b8aa120}: 'void java.lang.invoke.DirectMethodHandle$Holder.invokeSpecial(java.lang.Object, java.lang.Object, java.lang.Object, java.lang.Object, java.lang.Object, java.lang.Object, java.lang.Object, java.lang.Object, java.lang.Object)'> (0x000000008b8aa120) thrown at [./src/hotspot/share/interpreter/linkResolver.cpp, line 773]
Event: 52.545 Thread 0x000002119a324000 Exception <a 'java/lang/NoSuchMethodError'{0x000000008b8c1880}: 'void java.lang.invoke.DirectMethodHandle$Holder.invokeStatic(java.lang.Object, java.lang.Object, java.lang.Object, java.lang.Object, java.lang.Object, java.lang.Object, java.lang.Object, java.lang.Object)'> (0x000000008b8c1880) thrown at [./src/hotspot/share/interpreter/linkResolver.cpp, line 773]
Event: 52.846 Thread 0x000002119a324000 Exception <a 'java/lang/IncompatibleClassChangeError'{0x000000008ab344a8}: Found class java.lang.Object, but interface was expected> (0x000000008ab344a8) thrown at [./src/hotspot/share/interpreter/linkResolver.cpp, line 839]
Event: 53.095 Thread 0x000002119a324000 Exception <a 'java/lang/NoSuchMethodError'{0x000000008a15bba8}: 'void java.lang.invoke.DirectMethodHandle$Holder.invokeVirtual(java.lang.Object, java.lang.Object, int)'> (0x000000008a15bba8) thrown at [./src/hotspot/share/interpreter/linkResolver.cpp, line 773]

Events (20 events):
Event: 53.255 loading class com/android/tools/r8/internal/xa
Event: 53.255 loading class com/android/tools/r8/internal/xa done
Event: 53.262 loading class java/util/zip/Deflater
Event: 53.267 loading class java/util/zip/Deflater done
Event: 53.268 loading class java/util/zip/Deflater$DeflaterZStreamRef
Event: 53.269 loading class java/util/zip/Deflater$DeflaterZStreamRef done
Event: 53.269 loading class java/util/zip/ZipOutputStream$XEntry
Event: 53.270 loading class java/util/zip/ZipOutputStream$XEntry done
Event: 53.276 loading class java/util/Vector$Itr
Event: 53.276 loading class java/util/Vector$Itr done
Event: 53.359 Executing VM operation: RevokeBias
Event: 53.360 Executing VM operation: RevokeBias done
Event: 53.453 Executing VM operation: CGC_Operation
Event: 53.487 Executing VM operation: CGC_Operation done
Event: 53.559 loading class com/android/tools/r8/internal/Z4
Event: 53.559 loading class com/android/tools/r8/internal/Z4 done
Event: 53.561 Executing VM operation: ICBufferFull
Event: 53.562 Executing VM operation: ICBufferFull done
Event: 53.610 Executing VM operation: CGC_Operation
Event: 53.611 Executing VM operation: CGC_Operation done


Dynamic libraries:
0x00007ff69bb10000 - 0x00007ff69bb1a000 	C:\Program Files\Android\Android Studio\jre\bin\java.exe
0x00007ffd68790000 - 0x00007ffd68985000 	C:\Windows\SYSTEM32\ntdll.dll
0x00007ffd677e0000 - 0x00007ffd6789e000 	C:\Windows\System32\KERNEL32.DLL
0x00007ffd66250000 - 0x00007ffd66519000 	C:\Windows\System32\KERNELBASE.dll
0x00007ffd66570000 - 0x00007ffd66670000 	C:\Windows\System32\ucrtbase.dll
0x00007ffd5fb90000 - 0x00007ffd5fba9000 	C:\Program Files\Android\Android Studio\jre\bin\jli.dll
0x00007ffd5ed40000 - 0x00007ffd5ed57000 	C:\Program Files\Android\Android Studio\jre\bin\VCRUNTIME140.dll
0x00007ffd67440000 - 0x00007ffd675e1000 	C:\Windows\System32\USER32.dll
0x00007ffd666d0000 - 0x00007ffd666f2000 	C:\Windows\System32\win32u.dll
0x00007ffd669e0000 - 0x00007ffd66a0b000 	C:\Windows\System32\GDI32.dll
0x00007ffd66140000 - 0x00007ffd6624b000 	C:\Windows\System32\gdi32full.dll
0x00007ffd65eb0000 - 0x00007ffd65f4d000 	C:\Windows\System32\msvcp_win.dll
0x00007ffd4cb20000 - 0x00007ffd4cdba000 	C:\Windows\WinSxS\amd64_microsoft.windows.common-controls_6595b64144ccf1df_6.0.19041.1110_none_60b5254171f9507e\COMCTL32.dll
0x00007ffd675f0000 - 0x00007ffd6768e000 	C:\Windows\System32\msvcrt.dll
0x00007ffd67180000 - 0x00007ffd671b0000 	C:\Windows\System32\IMM32.DLL
0x00007ffd4ed60000 - 0x00007ffd4edfd000 	C:\Program Files\Android\Android Studio\jre\bin\msvcp140.dll
0x00007ffd10b90000 - 0x00007ffd1165f000 	C:\Program Files\Android\Android Studio\jre\bin\server\jvm.dll
0x00007ffd667e0000 - 0x00007ffd6688c000 	C:\Windows\System32\ADVAPI32.dll
0x00007ffd686b0000 - 0x00007ffd6874b000 	C:\Windows\System32\sechost.dll
0x00007ffd67050000 - 0x00007ffd6717a000 	C:\Windows\System32\RPCRT4.dll
0x00007ffd67ee0000 - 0x00007ffd67ee8000 	C:\Windows\System32\PSAPI.DLL
0x00007ffd46de0000 - 0x00007ffd46e07000 	C:\Windows\SYSTEM32\WINMM.dll
0x00007ffd5e0b0000 - 0x00007ffd5e0ba000 	C:\Windows\SYSTEM32\VERSION.dll
0x00007ffd60290000 - 0x00007ffd60299000 	C:\Windows\SYSTEM32\WSOCK32.dll
0x00007ffd66970000 - 0x00007ffd669db000 	C:\Windows\System32\ws2_32.DLL
0x00007ffd64730000 - 0x00007ffd64742000 	C:\Windows\SYSTEM32\kernel.appcore.dll
0x00007ffd5d1a0000 - 0x00007ffd5d1b1000 	C:\Program Files\Android\Android Studio\jre\bin\verify.dll
0x00007ffd64440000 - 0x00007ffd64624000 	C:\Windows\SYSTEM32\DBGHELP.DLL
0x00007ffd4f270000 - 0x00007ffd4f29c000 	C:\Windows\SYSTEM32\dbgcore.DLL
0x00007ffd65f50000 - 0x00007ffd65fd3000 	C:\Windows\System32\bcryptPrimitives.dll
0x00007ffd46080000 - 0x00007ffd460a9000 	C:\Program Files\Android\Android Studio\jre\bin\java.dll
0x00007ffd5f080000 - 0x00007ffd5f08b000 	C:\Program Files\Android\Android Studio\jre\bin\jimage.dll
0x00007ffd5bdc0000 - 0x00007ffd5bdd8000 	C:\Program Files\Android\Android Studio\jre\bin\zip.dll
0x00007ffd67ef0000 - 0x00007ffd6862f000 	C:\Windows\System32\SHELL32.dll
0x00007ffd63cb0000 - 0x00007ffd64440000 	C:\Windows\SYSTEM32\windows.storage.dll
0x00007ffd67a70000 - 0x00007ffd67dc5000 	C:\Windows\System32\combase.dll
0x00007ffd65900000 - 0x00007ffd6592c000 	C:\Windows\SYSTEM32\Wldp.dll
0x00007ffd67dd0000 - 0x00007ffd67e7d000 	C:\Windows\System32\SHCORE.dll
0x00007ffd673e0000 - 0x00007ffd67435000 	C:\Windows\System32\shlwapi.dll
0x00007ffd65df0000 - 0x00007ffd65e0f000 	C:\Windows\SYSTEM32\profapi.dll
0x00007ffd59c70000 - 0x00007ffd59c8a000 	C:\Program Files\Android\Android Studio\jre\bin\net.dll
0x00007ffd628e0000 - 0x00007ffd629e8000 	C:\Windows\SYSTEM32\WINHTTP.dll
0x00007ffd65660000 - 0x00007ffd656ca000 	C:\Windows\system32\mswsock.dll
0x00007ffd46020000 - 0x00007ffd46034000 	C:\Program Files\Android\Android Studio\jre\bin\nio.dll
0x00007ffd62260000 - 0x00007ffd62287000 	C:\Users\Lenovo\.gradle\native\8bec1ad78214c89d9ad589b4d07fe93259594b29d510b10fafb7a158f7737e5d\windows-amd64\native-platform.dll
0x00007ffd4ee00000 - 0x00007ffd4ef3d000 	C:\Users\Lenovo\.gradle\native\53dbd7edfb1c66fb8903c78663c9afc45aea4f116125fa6feffd364cf09443e8\windows-amd64\native-platform-file-events.dll
0x00007ffd5efb0000 - 0x00007ffd5efba000 	C:\Program Files\Android\Android Studio\jre\bin\management.dll
0x00007ffd5ec50000 - 0x00007ffd5ec5c000 	C:\Program Files\Android\Android Studio\jre\bin\management_ext.dll
0x00007ffd65850000 - 0x00007ffd65868000 	C:\Windows\SYSTEM32\CRYPTSP.dll
0x00007ffd64f70000 - 0x00007ffd64fa4000 	C:\Windows\system32\rsaenh.dll
0x00007ffd667b0000 - 0x00007ffd667d7000 	C:\Windows\System32\bcrypt.dll
0x00007ffd65db0000 - 0x00007ffd65dde000 	C:\Windows\SYSTEM32\USERENV.dll
0x00007ffd65870000 - 0x00007ffd6587c000 	C:\Windows\SYSTEM32\CRYPTBASE.dll
0x00007ffd65300000 - 0x00007ffd6533b000 	C:\Windows\SYSTEM32\IPHLPAPI.DLL
0x00007ffd676a0000 - 0x00007ffd676a8000 	C:\Windows\System32\NSI.dll
0x00007ffd5d960000 - 0x00007ffd5d977000 	C:\Windows\SYSTEM32\dhcpcsvc6.DLL
0x00007ffd5da80000 - 0x00007ffd5da9d000 	C:\Windows\SYSTEM32\dhcpcsvc.DLL
0x00007ffd65340000 - 0x00007ffd6540c000 	C:\Windows\SYSTEM32\DNSAPI.dll

dbghelp: loaded successfully - version: 4.0.5 - missing functions: none
symbol engine: initialized successfully - sym options: 0x614 - pdb path: .;C:\Program Files\Android\Android Studio\jre\bin;C:\Windows\SYSTEM32;C:\Windows\WinSxS\amd64_microsoft.windows.common-controls_6595b64144ccf1df_6.0.19041.1110_none_60b5254171f9507e;C:\Program Files\Android\Android Studio\jre\bin\server;C:\Users\Lenovo\.gradle\native\8bec1ad78214c89d9ad589b4d07fe93259594b29d510b10fafb7a158f7737e5d\windows-amd64;C:\Users\Lenovo\.gradle\native\53dbd7edfb1c66fb8903c78663c9afc45aea4f116125fa6feffd364cf09443e8\windows-amd64

VM Arguments:
jvm_args: --add-opens=java.base/java.util=ALL-UNNAMED --add-opens=java.base/java.lang=ALL-UNNAMED --add-opens=java.base/java.lang.invoke=ALL-UNNAMED --add-opens=java.base/java.util=ALL-UNNAMED --add-opens=java.prefs/java.util.prefs=ALL-UNNAMED --add-opens=java.prefs/java.util.prefs=ALL-UNNAMED --add-opens=java.base/java.nio.charset=ALL-UNNAMED --add-opens=java.base/java.net=ALL-UNNAMED --add-opens=java.base/java.util.concurrent.atomic=ALL-UNNAMED -Xmx2048m -Dfile.encoding=UTF-8 -Duser.country=US -Duser.language=en -Duser.variant 
java_command: org.gradle.launcher.daemon.bootstrap.GradleDaemon 7.0.2
java_class_path (initial): C:\Users\Lenovo\.gradle\wrapper\dists\gradle-7.0.2-bin\857tjihv64xamwrf0h14cai3r\gradle-7.0.2\lib\gradle-launcher-7.0.2.jar
Launcher Type: SUN_STANDARD

[Global flags]
     intx CICompilerCount                          = 4                                         {product} {ergonomic}
     uint ConcGCThreads                            = 2                                         {product} {ergonomic}
     uint G1ConcRefinementThreads                  = 8                                         {product} {ergonomic}
   size_t G1HeapRegionSize                         = 1048576                                   {product} {ergonomic}
    uintx GCDrainStackTargetSize                   = 64                                        {product} {ergonomic}
   size_t InitialHeapSize                          = 134217728                                 {product} {ergonomic}
   size_t MarkStackSize                            = 4194304                                   {product} {ergonomic}
   size_t MaxHeapSize                              = 2147483648                                {product} {command line}
   size_t MaxNewSize                               = 1287651328                                {product} {ergonomic}
   size_t MinHeapDeltaBytes                        = 1048576                                   {product} {ergonomic}
    uintx NonNMethodCodeHeapSize                   = 5836300                                {pd product} {ergonomic}
    uintx NonProfiledCodeHeapSize                  = 122910970                              {pd product} {ergonomic}
    uintx ProfiledCodeHeapSize                     = 122910970                              {pd product} {ergonomic}
    uintx ReservedCodeCacheSize                    = 251658240                              {pd product} {ergonomic}
     bool SegmentedCodeCache                       = true                                      {product} {ergonomic}
     bool UseCompressedClassPointers               = true                                 {lp64_product} {ergonomic}
     bool UseCompressedOops                        = true                                 {lp64_product} {ergonomic}
     bool UseG1GC                                  = true                                      {product} {ergonomic}
     bool UseLargePagesIndividualAllocation        = false                                  {pd product} {ergonomic}

Logging:
Log output configuration:
 #0: stdout all=warning uptime,level,tags
 #1: stderr all=off uptime,level,tags

Environment Variables:
PATH=C:\Program Files\Common Files\Oracle\Java\javapath;C:\Program Files (x86)\Common Files\Intel\Shared Libraries\redist\intel64\compiler;C:\Program Files (x86)\Common Files\Oracle\Java\javapath;C:\Windows\system32;C:\Windows;C:\Windows\System32\Wbem;C:\Windows\System32\WindowsPowerShell\v1.0\;C:\Windows\System32\OpenSSH\;C:\Program Files\Azure Data Studio\bin;C:\Program Files\Microsoft SQL Server\130\Tools\Binn\;C:\Program Files\Git\cmd;C:\sqlite3;C:\Users\Lenovo\AppData\Local\Microsoft\WindowsApps;C:\Program Files\Azure Data Studio\bin;C:\Users\Lenovo\AppData\Local\GitHubDesktop\bin;C:\Users\Lenovo\AppData\Local\Programs\Microsoft VS Code\bin
USERNAME=Lenovo
OS=Windows_NT
PROCESSOR_IDENTIFIER=Intel64 Family 6 Model 142 Stepping 10, GenuineIntel



---------------  S Y S T E M  ---------------

OS: Windows 10 , 64 bit Build 19041 (10.0.19041.1202)
OS uptime: 5 days 16:14 hours

CPU:total 8 (initial active 8) (4 cores per cpu, 2 threads per core) family 6 model 142 stepping 10 microcode 0xb4, cmov, cx8, fxsr, mmx, sse, sse2, sse3, ssse3, sse4.1, sse4.2, popcnt, avx, avx2, aes, clmul, erms, 3dnowpref, lzcnt, ht, tsc, tscinvbit, bmi1, bmi2, adx, fma

Memory: 4k page, system-wide physical 8066M (227M free)
TotalPageFile size 23071M (AvailPageFile size 8M)
current process WorkingSet (physical memory assigned to process): 378M, peak: 378M
current process commit charge ("private bytes"): 496M, peak: 497M

vm_info: OpenJDK 64-Bit Server VM (11.0.10+0-b96-7249189) for windows-amd64 JRE (11.0.10+0-b96-7249189), built on Mar 31 2021 21:44:00 by "builder" with MS VC++ 14.0 (VS2015)

END.
