#
# There is insufficient memory for the Java Runtime Environment to continue.
# Native memory allocation (malloc) failed to allocate 1398096 bytes for Chunk::new
# Possible reasons:
#   The system is out of physical RAM or swap space
#   The process is running with CompressedOops enabled, and the Java Heap may be blocking the growth of the native heap
# Possible solutions:
#   Reduce memory load on the system
#   Increase physical memory or swap space
#   Check if swap backing store is full
#   Decrease Java heap size (-Xmx/-Xms)
#   Decrease number of Java threads
#   Decrease Java thread stack sizes (-Xss)
#   Set larger code cache with -XX:ReservedCodeCacheSize=
#   JVM is running with Unscaled Compressed Oops mode in which the Java heap is
#     placed in the first 4GB address space. The Java Heap base address is the
#     maximum limit for the native heap growth. Please use -XX:HeapBaseMinAddress
#     to set the Java Heap base and to place the Java Heap above 4GB virtual address.
# This output file may be truncated or incomplete.
#
#  Out of Memory Error (./src/hotspot/share/memory/arena.cpp:197), pid=16028, tid=9144
#
# JRE version: OpenJDK Runtime Environment (11.0.10) (build 11.0.10+0-b96-7249189)
# Java VM: OpenJDK 64-Bit Server VM (11.0.10+0-b96-7249189, mixed mode, tiered, compressed oops, g1 gc, windows-amd64)
# No core dump will be written. Minidumps are not enabled by default on client versions of Windows
#

---------------  S U M M A R Y ------------

Command Line: --add-opens=java.base/java.util=ALL-UNNAMED --add-opens=java.base/java.lang=ALL-UNNAMED --add-opens=java.base/java.lang.invoke=ALL-UNNAMED --add-opens=java.base/java.util=ALL-UNNAMED --add-opens=java.prefs/java.util.prefs=ALL-UNNAMED --add-opens=java.prefs/java.util.prefs=ALL-UNNAMED --add-opens=java.base/java.nio.charset=ALL-UNNAMED --add-opens=java.base/java.net=ALL-UNNAMED --add-opens=java.base/java.util.concurrent.atomic=ALL-UNNAMED -Xmx2048m -Dfile.encoding=UTF-8 -Duser.country=US -Duser.language=en -Duser.variant org.gradle.launcher.daemon.bootstrap.GradleDaemon 7.0.2

Host: Intel(R) Core(TM) i5-8250U CPU @ 1.60GHz, 8 cores, 7G,  Windows 10 , 64 bit Build 19041 (10.0.19041.1202)
Time: Sat Nov  6 11:23:29 2021 SE Asia Standard Time elapsed time: 16.717840 seconds (0d 0h 0m 16s)

---------------  T H R E A D  ---------------

Current thread (0x000001ccb3b1a800):  JavaThread "C2 CompilerThread0" daemon [_thread_in_native, id=9144, stack(0x000000736b300000,0x000000736b400000)]


Current CompileTask:
C2:  16718 4948       4       groovy.lang.MetaClassImpl$1MOPIter::methodNameAction (325 bytes)

Stack: [0x000000736b300000,0x000000736b400000]
Native frames: (J=compiled Java code, j=interpreted, Vv=VM code, C=native code)
V  [jvm.dll+0x5ecfaa]
V  [jvm.dll+0x722bd5]
V  [jvm.dll+0x72412d]
V  [jvm.dll+0x7247e3]
V  [jvm.dll+0x242928]
V  [jvm.dll+0xbc4fc]
V  [jvm.dll+0xbca0c]
V  [jvm.dll+0x352d7d]
V  [jvm.dll+0x19800c]
V  [jvm.dll+0x1fb70e]
V  [jvm.dll+0x1fa7f4]
V  [jvm.dll+0x18354c]
V  [jvm.dll+0x208ee7]
V  [jvm.dll+0x207731]
V  [jvm.dll+0x6eb1cf]
V  [jvm.dll+0x6e3d45]
V  [jvm.dll+0x5ebe96]
C  [ucrtbase.dll+0x21bb2]
C  [KERNEL32.DLL+0x17034]
C  [ntdll.dll+0x52651]


---------------  P R O C E S S  ---------------

Threads class SMR info:
_java_thread_list=0x000001ccb57015c0, length=49, elements={
0x000001cc976ec000, 0x000001ccb3af2800, 0x000001ccb3af4000, 0x000001ccb3b0b000,
0x000001ccb3b0d000, 0x000001ccb3b0f000, 0x000001ccb3b1a800, 0x000001ccb3b22000,
0x000001ccb3b27800, 0x000001ccb460c000, 0x000001ccb5f1e800, 0x000001ccb541f000,
0x000001ccb6510000, 0x000001ccb641e000, 0x000001ccb5d42800, 0x000001ccb5cc8000,
0x000001ccb5d43800, 0x000001ccb63ff000, 0x000001ccb6400000, 0x000001ccb48b6000,
0x000001ccb48b9000, 0x000001ccb48ba000, 0x000001ccb48b4800, 0x000001ccb48bb000,
0x000001ccb48b5000, 0x000001ccb48b6800, 0x000001ccb48b7800, 0x000001ccb48b8800,
0x000001ccb85b1000, 0x000001ccb85ab800, 0x000001ccb85ad000, 0x000001ccb85ac000,
0x000001ccb85b2000, 0x000001ccb85b5000, 0x000001ccb85b0000, 0x000001ccb85b2800,
0x000001ccb85b4800, 0x000001ccb85af800, 0x000001ccb85ba000, 0x000001ccb85b7000,
0x000001ccb85b7800, 0x000001ccb85b8800, 0x000001ccb85b6000, 0x000001ccb85b9000,
0x000001ccb65ae800, 0x000001ccb65af000, 0x000001ccb65b0000, 0x000001ccb65ac000,
0x000001ccb65aa800
}

Java Threads: ( => current thread )
  0x000001cc976ec000 JavaThread "main" [_thread_blocked, id=1512, stack(0x000000736a700000,0x000000736a800000)]
  0x000001ccb3af2800 JavaThread "Reference Handler" daemon [_thread_blocked, id=15272, stack(0x000000736ae00000,0x000000736af00000)]
  0x000001ccb3af4000 JavaThread "Finalizer" daemon [_thread_blocked, id=14496, stack(0x000000736af00000,0x000000736b000000)]
  0x000001ccb3b0b000 JavaThread "Signal Dispatcher" daemon [_thread_blocked, id=10568, stack(0x000000736b000000,0x000000736b100000)]
  0x000001ccb3b0d000 JavaThread "Attach Listener" daemon [_thread_blocked, id=8344, stack(0x000000736b100000,0x000000736b200000)]
  0x000001ccb3b0f000 JavaThread "Service Thread" daemon [_thread_blocked, id=3784, stack(0x000000736b200000,0x000000736b300000)]
=>0x000001ccb3b1a800 JavaThread "C2 CompilerThread0" daemon [_thread_in_native, id=9144, stack(0x000000736b300000,0x000000736b400000)]
  0x000001ccb3b22000 JavaThread "C1 CompilerThread0" daemon [_thread_blocked, id=3048, stack(0x000000736b400000,0x000000736b500000)]
  0x000001ccb3b27800 JavaThread "Sweeper thread" daemon [_thread_blocked, id=11024, stack(0x000000736b500000,0x000000736b600000)]
  0x000001ccb460c000 JavaThread "Common-Cleaner" daemon [_thread_blocked, id=13412, stack(0x000000736b600000,0x000000736b700000)]
  0x000001ccb5f1e800 JavaThread "Daemon health stats" [_thread_blocked, id=13012, stack(0x000000736ba00000,0x000000736bb00000)]
  0x000001ccb541f000 JavaThread "Incoming local TCP Connector on port 62980" [_thread_in_native, id=5840, stack(0x000000736bb00000,0x000000736bc00000)]
  0x000001ccb6510000 JavaThread "Daemon periodic checks" [_thread_blocked, id=11740, stack(0x000000736bc00000,0x000000736bd00000)]
  0x000001ccb641e000 JavaThread "Daemon" [_thread_blocked, id=9720, stack(0x000000736bd00000,0x000000736be00000)]
  0x000001ccb5d42800 JavaThread "Handler for socket connection from /127.0.0.1:62980 to /127.0.0.1:62981" [_thread_in_native, id=8032, stack(0x000000736be00000,0x000000736bf00000)]
  0x000001ccb5cc8000 JavaThread "Cancel handler" [_thread_blocked, id=10928, stack(0x000000736bf00000,0x000000736c000000)]
  0x000001ccb5d43800 JavaThread "Daemon worker" [_thread_in_vm, id=14992, stack(0x000000736c000000,0x000000736c100000)]
  0x000001ccb63ff000 JavaThread "Asynchronous log dispatcher for DefaultDaemonConnection: socket connection from /127.0.0.1:62980 to /127.0.0.1:62981" [_thread_blocked, id=15388, stack(0x000000736c100000,0x000000736c200000)]
  0x000001ccb6400000 JavaThread "Stdin handler" [_thread_blocked, id=7028, stack(0x000000736c200000,0x000000736c300000)]
  0x000001ccb48b6000 JavaThread "Daemon client event forwarder" [_thread_blocked, id=1376, stack(0x000000736c300000,0x000000736c400000)]
  0x000001ccb48b9000 JavaThread "Cache worker for file hash cache (C:\Users\Lenovo\.gradle\caches\7.0.2\fileHashes)" [_thread_blocked, id=9312, stack(0x000000736c900000,0x000000736ca00000)]
  0x000001ccb48ba000 JavaThread "File lock request listener" [_thread_in_native, id=3516, stack(0x000000736ca00000,0x000000736cb00000)]
  0x000001ccb48b4800 JavaThread "Cache worker for journal cache (C:\Users\Lenovo\.gradle\caches\journal-1)" [_thread_blocked, id=14804, stack(0x000000736cc00000,0x000000736cd00000)]
  0x000001ccb48bb000 JavaThread "Cache worker for file hash cache (D:\Android\Woody\.gradle\7.0.2\fileHashes)" [_thread_blocked, id=6616, stack(0x000000736cd00000,0x000000736ce00000)]
  0x000001ccb48b5000 JavaThread "File watcher server" daemon [_thread_in_native, id=10228, stack(0x000000736ce00000,0x000000736cf00000)]
  0x000001ccb48b6800 JavaThread "File watcher consumer" daemon [_thread_blocked, id=10252, stack(0x000000736cf00000,0x000000736d000000)]
  0x000001ccb48b7800 JavaThread "Cache worker for checksums cache (D:\Android\Woody\.gradle\checksums)" [_thread_blocked, id=6552, stack(0x000000736d000000,0x000000736d100000)]
  0x000001ccb48b8800 JavaThread "Cache worker for cache directory md-supplier (C:\Users\Lenovo\.gradle\caches\7.0.2\md-supplier)" [_thread_blocked, id=7328, stack(0x000000736d100000,0x000000736d200000)]
  0x000001ccb85b1000 JavaThread "Cache worker for cache directory md-rule (C:\Users\Lenovo\.gradle\caches\7.0.2\md-rule)" [_thread_blocked, id=10404, stack(0x000000736d200000,0x000000736d300000)]
  0x000001ccb85ab800 JavaThread "Cache worker for execution history cache (C:\Users\Lenovo\.gradle\caches\7.0.2\executionHistory)" [_thread_blocked, id=14664, stack(0x000000736d300000,0x000000736d400000)]
  0x000001ccb85ad000 JavaThread "jar transforms" [_thread_blocked, id=3588, stack(0x000000736d400000,0x000000736d500000)]
  0x000001ccb85ac000 JavaThread "jar transforms Thread 2" [_thread_blocked, id=14088, stack(0x000000736d500000,0x000000736d600000)]
  0x000001ccb85b2000 JavaThread "Cache worker for file content cache (C:\Users\Lenovo\.gradle\caches\7.0.2\fileContent)" [_thread_blocked, id=12848, stack(0x000000736d600000,0x000000736d700000)]
  0x000001ccb85b5000 JavaThread "Cache worker for dependencies-accessors (D:\Android\Woody\.gradle\7.0.2\dependencies-accessors)" [_thread_blocked, id=8860, stack(0x000000736d700000,0x000000736d800000)]
  0x000001ccb85b0000 JavaThread "jar transforms Thread 3" [_thread_blocked, id=9248, stack(0x000000736d800000,0x000000736d900000)]
  0x000001ccb85b2800 JavaThread "Cache worker for Build Output Cleanup Cache (D:\Android\Woody\.gradle\buildOutputCleanup)" [_thread_blocked, id=9920, stack(0x000000736d900000,0x000000736da00000)]
  0x000001ccb85b4800 JavaThread "Build operations" [_thread_blocked, id=4800, stack(0x000000736da00000,0x000000736db00000)]
  0x000001ccb85af800 JavaThread "Build operations Thread 2" [_thread_blocked, id=16264, stack(0x000000736db00000,0x000000736dc00000)]
  0x000001ccb85ba000 JavaThread "Build operations Thread 3" [_thread_blocked, id=6960, stack(0x000000736dc00000,0x000000736dd00000)]
  0x000001ccb85b7000 JavaThread "Build operations Thread 4" [_thread_blocked, id=16324, stack(0x000000736dd00000,0x000000736de00000)]
  0x000001ccb85b7800 JavaThread "Build operations Thread 5" [_thread_blocked, id=3772, stack(0x000000736de00000,0x000000736df00000)]
  0x000001ccb85b8800 JavaThread "Build operations Thread 6" [_thread_blocked, id=13408, stack(0x000000736df00000,0x000000736e000000)]
  0x000001ccb85b6000 JavaThread "Build operations Thread 7" [_thread_blocked, id=12252, stack(0x000000736e000000,0x000000736e100000)]
  0x000001ccb85b9000 JavaThread "Build operations Thread 8" [_thread_blocked, id=7580, stack(0x000000736e100000,0x000000736e200000)]
  0x000001ccb65ae800 JavaThread "jar transforms Thread 4" [_thread_blocked, id=13164, stack(0x000000736e200000,0x000000736e300000)]
  0x000001ccb65af000 JavaThread "jar transforms Thread 5" [_thread_blocked, id=12912, stack(0x000000736e300000,0x000000736e400000)]
  0x000001ccb65b0000 JavaThread "jar transforms Thread 6" [_thread_blocked, id=13888, stack(0x000000736e400000,0x000000736e500000)]
  0x000001ccb65ac000 JavaThread "jar transforms Thread 7" [_thread_blocked, id=15444, stack(0x000000736e500000,0x000000736e600000)]
  0x000001ccb65aa800 JavaThread "jar transforms Thread 8" [_thread_blocked, id=3620, stack(0x000000736e600000,0x000000736e700000)]

Other Threads:
  0x000001ccb3aef800 VMThread "VM Thread" [stack: 0x000000736ad00000,0x000000736ae00000] [id=8072]
  0x000001ccb4622000 WatcherThread [stack: 0x000000736b700000,0x000000736b800000] [id=5940]
  0x000001cc97705000 GCTaskThread "GC Thread#0" [stack: 0x000000736a800000,0x000000736a900000] [id=11992]
  0x000001ccb4834800 GCTaskThread "GC Thread#1" [stack: 0x000000736b800000,0x000000736b900000] [id=11828]
  0x000001ccb5160000 GCTaskThread "GC Thread#2" [stack: 0x000000736b900000,0x000000736ba00000] [id=7704]
  0x000001ccb651f000 GCTaskThread "GC Thread#3" [stack: 0x000000736c400000,0x000000736c500000] [id=12916]
  0x000001ccb4862800 GCTaskThread "GC Thread#4" [stack: 0x000000736c500000,0x000000736c600000] [id=7908]
  0x000001ccb563d800 GCTaskThread "GC Thread#5" [stack: 0x000000736c600000,0x000000736c700000] [id=5956]
  0x000001ccb5024000 GCTaskThread "GC Thread#6" [stack: 0x000000736c700000,0x000000736c800000] [id=10188]
  0x000001ccb5634800 GCTaskThread "GC Thread#7" [stack: 0x000000736c800000,0x000000736c900000] [id=10044]
  0x000001cc97735000 ConcurrentGCThread "G1 Main Marker" [stack: 0x000000736a900000,0x000000736aa00000] [id=8356]
  0x000001cc97737000 ConcurrentGCThread "G1 Conc#0" [stack: 0x000000736aa00000,0x000000736ab00000] [id=8128]
  0x000001ccb6647000 ConcurrentGCThread "G1 Conc#1" [stack: 0x000000736cb00000,0x000000736cc00000] [id=2664]
  0x000001ccb3940800 ConcurrentGCThread "G1 Refine#0" [stack: 0x000000736ab00000,0x000000736ac00000] [id=13140]
  0x000001ccb3941000 ConcurrentGCThread "G1 Young RemSet Sampling" [stack: 0x000000736ac00000,0x000000736ad00000] [id=8836]

Threads with active compile tasks:
C2 CompilerThread0  16793 4948       4       groovy.lang.MetaClassImpl$1MOPIter::methodNameAction (325 bytes)
C1 CompilerThread0  16793 5110       2       java.lang.reflect.ProxyGenerator::checkReturnTypes (295 bytes)

VM state:not at safepoint (normal execution)

VM Mutex/Monitor currently owned by a thread: None

Heap address: 0x0000000080000000, size: 2048 MB, Compressed Oops mode: 32-bit
Narrow klass base: 0x0000000000000000, Narrow klass shift: 3
Compressed class space size: 1073741824 Address: 0x0000000100000000

Heap:
 garbage-first heap   total 157696K, used 64896K [0x0000000080000000, 0x0000000100000000)
  region size 1024K, 39 young (39936K), 8 survivors (8192K)
 Metaspace       used 47872K, capacity 49159K, committed 49276K, reserved 1091584K
  class space    used 6114K, capacity 6566K, committed 6656K, reserved 1048576K
Heap Regions: E=young(eden), S=young(survivor), O=old, HS=humongous(starts), HC=humongous(continues), CS=collection set, F=free, A=archive, TAMS=top-at-mark-start (previous, next)
|   0|0x0000000080000000, 0x0000000080100000, 0x0000000080100000|100%| O|  |TAMS 0x0000000080100000, 0x0000000080000000| Untracked 
|   1|0x0000000080100000, 0x0000000080200000, 0x0000000080200000|100%| O|  |TAMS 0x0000000080200000, 0x0000000080100000| Untracked 
|   2|0x0000000080200000, 0x0000000080300000, 0x0000000080300000|100%| O|  |TAMS 0x0000000080300000, 0x0000000080200000| Untracked 
|   3|0x0000000080300000, 0x0000000080400000, 0x0000000080400000|100%|HS|  |TAMS 0x0000000080400000, 0x0000000080300000| Complete 
|   4|0x0000000080400000, 0x0000000080500000, 0x0000000080500000|100%|HC|  |TAMS 0x0000000080500000, 0x0000000080400000| Complete 
|   5|0x0000000080500000, 0x0000000080600000, 0x0000000080600000|100%|HC|  |TAMS 0x0000000080600000, 0x0000000080500000| Complete 
|   6|0x0000000080600000, 0x0000000080700000, 0x0000000080700000|100%| O|  |TAMS 0x0000000080700000, 0x0000000080600000| Untracked 
|   7|0x0000000080700000, 0x0000000080800000, 0x0000000080800000|100%| O|  |TAMS 0x0000000080800000, 0x0000000080700000| Untracked 
|   8|0x0000000080800000, 0x0000000080900000, 0x0000000080900000|100%| O|  |TAMS 0x0000000080900000, 0x0000000080800000| Untracked 
|   9|0x0000000080900000, 0x0000000080a00000, 0x0000000080a00000|100%| O|  |TAMS 0x0000000080a00000, 0x0000000080900000| Untracked 
|  10|0x0000000080a00000, 0x0000000080b00000, 0x0000000080b00000|100%| O|  |TAMS 0x0000000080b00000, 0x0000000080a00000| Untracked 
|  11|0x0000000080b00000, 0x0000000080c00000, 0x0000000080c00000|100%| O|  |TAMS 0x0000000080c00000, 0x0000000080b00000| Untracked 
|  12|0x0000000080c00000, 0x0000000080d00000, 0x0000000080d00000|100%| O|  |TAMS 0x0000000080d00000, 0x0000000080c00000| Untracked 
|  13|0x0000000080d00000, 0x0000000080e00000, 0x0000000080e00000|100%| O|  |TAMS 0x0000000080d7fa00, 0x0000000080d00000| Untracked 
|  14|0x0000000080e00000, 0x0000000080f00000, 0x0000000080f00000|100%|HS|  |TAMS 0x0000000080e00000, 0x0000000080e00000| Complete 
|  15|0x0000000080f00000, 0x0000000081000000, 0x0000000081000000|100%| O|  |TAMS 0x0000000080f00000, 0x0000000080f00000| Untracked 
|  16|0x0000000081000000, 0x0000000081100000, 0x0000000081100000|100%| O|  |TAMS 0x0000000081000000, 0x0000000081000000| Untracked 
|  17|0x0000000081100000, 0x0000000081200000, 0x0000000081200000|100%| O|  |TAMS 0x0000000081100000, 0x0000000081100000| Untracked 
|  18|0x0000000081200000, 0x0000000081300000, 0x0000000081300000|100%| O|  |TAMS 0x0000000081200000, 0x0000000081200000| Untracked 
|  19|0x0000000081300000, 0x0000000081400000, 0x0000000081400000|100%| O|  |TAMS 0x0000000081300000, 0x0000000081300000| Untracked 
|  20|0x0000000081400000, 0x0000000081500000, 0x0000000081500000|100%| O|  |TAMS 0x0000000081400000, 0x0000000081400000| Untracked 
|  21|0x0000000081500000, 0x0000000081600000, 0x0000000081600000|100%| O|  |TAMS 0x0000000081500000, 0x0000000081500000| Untracked 
|  22|0x0000000081600000, 0x00000000816a4600, 0x0000000081700000| 64%| O|  |TAMS 0x0000000081600000, 0x0000000081600000| Untracked 
|  23|0x0000000081700000, 0x0000000081800000, 0x0000000081800000|100%|HS|  |TAMS 0x0000000081700000, 0x0000000081700000| Complete 
|  24|0x0000000081800000, 0x0000000081900000, 0x0000000081900000|100%|HS|  |TAMS 0x0000000081800000, 0x0000000081800000| Complete 
|  25|0x0000000081900000, 0x0000000081a00000, 0x0000000081a00000|100%|HC|  |TAMS 0x0000000081900000, 0x0000000081900000| Complete 
|  26|0x0000000081a00000, 0x0000000081a00000, 0x0000000081b00000|  0%| F|  |TAMS 0x0000000081a00000, 0x0000000081a00000| Untracked 
|  27|0x0000000081b00000, 0x0000000081b00000, 0x0000000081c00000|  0%| F|  |TAMS 0x0000000081b00000, 0x0000000081b00000| Untracked 
|  28|0x0000000081c00000, 0x0000000081c00000, 0x0000000081d00000|  0%| F|  |TAMS 0x0000000081c00000, 0x0000000081c00000| Untracked 
|  29|0x0000000081d00000, 0x0000000081d00000, 0x0000000081e00000|  0%| F|  |TAMS 0x0000000081d00000, 0x0000000081d00000| Untracked 
|  30|0x0000000081e00000, 0x0000000081e00000, 0x0000000081f00000|  0%| F|  |TAMS 0x0000000081e00000, 0x0000000081e00000| Untracked 
|  31|0x0000000081f00000, 0x0000000081f00000, 0x0000000082000000|  0%| F|  |TAMS 0x0000000081f00000, 0x0000000081f00000| Untracked 
|  32|0x0000000082000000, 0x0000000082000000, 0x0000000082100000|  0%| F|  |TAMS 0x0000000082000000, 0x0000000082000000| Untracked 
|  33|0x0000000082100000, 0x0000000082100000, 0x0000000082200000|  0%| F|  |TAMS 0x0000000082100000, 0x0000000082100000| Untracked 
|  34|0x0000000082200000, 0x0000000082200000, 0x0000000082300000|  0%| F|  |TAMS 0x0000000082200000, 0x0000000082200000| Untracked 
|  35|0x0000000082300000, 0x0000000082300000, 0x0000000082400000|  0%| F|  |TAMS 0x0000000082300000, 0x0000000082300000| Untracked 
|  36|0x0000000082400000, 0x0000000082400000, 0x0000000082500000|  0%| F|  |TAMS 0x0000000082400000, 0x0000000082400000| Untracked 
|  37|0x0000000082500000, 0x0000000082500000, 0x0000000082600000|  0%| F|  |TAMS 0x0000000082500000, 0x0000000082500000| Untracked 
|  38|0x0000000082600000, 0x0000000082600000, 0x0000000082700000|  0%| F|  |TAMS 0x0000000082600000, 0x0000000082600000| Untracked 
|  39|0x0000000082700000, 0x0000000082700000, 0x0000000082800000|  0%| F|  |TAMS 0x0000000082700000, 0x0000000082700000| Untracked 
|  40|0x0000000082800000, 0x0000000082800000, 0x0000000082900000|  0%| F|  |TAMS 0x0000000082800000, 0x0000000082800000| Untracked 
|  41|0x0000000082900000, 0x0000000082900000, 0x0000000082a00000|  0%| F|  |TAMS 0x0000000082900000, 0x0000000082900000| Untracked 
|  42|0x0000000082a00000, 0x0000000082a00000, 0x0000000082b00000|  0%| F|  |TAMS 0x0000000082a00000, 0x0000000082a00000| Untracked 
|  43|0x0000000082b00000, 0x0000000082b00000, 0x0000000082c00000|  0%| F|  |TAMS 0x0000000082b00000, 0x0000000082b00000| Untracked 
|  44|0x0000000082c00000, 0x0000000082c00000, 0x0000000082d00000|  0%| F|  |TAMS 0x0000000082c00000, 0x0000000082c00000| Untracked 
|  45|0x0000000082d00000, 0x0000000082d00000, 0x0000000082e00000|  0%| F|  |TAMS 0x0000000082d00000, 0x0000000082d00000| Untracked 
|  46|0x0000000082e00000, 0x0000000082e00000, 0x0000000082f00000|  0%| F|  |TAMS 0x0000000082e00000, 0x0000000082e00000| Untracked 
|  47|0x0000000082f00000, 0x0000000082f00000, 0x0000000083000000|  0%| F|  |TAMS 0x0000000082f00000, 0x0000000082f00000| Untracked 
|  48|0x0000000083000000, 0x0000000083000000, 0x0000000083100000|  0%| F|  |TAMS 0x0000000083000000, 0x0000000083000000| Untracked 
|  49|0x0000000083100000, 0x0000000083100000, 0x0000000083200000|  0%| F|  |TAMS 0x0000000083100000, 0x0000000083100000| Untracked 
|  50|0x0000000083200000, 0x0000000083200000, 0x0000000083300000|  0%| F|  |TAMS 0x0000000083200000, 0x0000000083200000| Untracked 
|  51|0x0000000083300000, 0x0000000083300000, 0x0000000083400000|  0%| F|  |TAMS 0x0000000083300000, 0x0000000083300000| Untracked 
|  52|0x0000000083400000, 0x0000000083400000, 0x0000000083500000|  0%| F|  |TAMS 0x0000000083400000, 0x0000000083400000| Untracked 
|  53|0x0000000083500000, 0x0000000083500000, 0x0000000083600000|  0%| F|  |TAMS 0x0000000083500000, 0x0000000083500000| Untracked 
|  54|0x0000000083600000, 0x0000000083600000, 0x0000000083700000|  0%| F|  |TAMS 0x0000000083600000, 0x0000000083600000| Untracked 
|  55|0x0000000083700000, 0x0000000083700000, 0x0000000083800000|  0%| F|  |TAMS 0x0000000083700000, 0x0000000083700000| Untracked 
|  56|0x0000000083800000, 0x0000000083800000, 0x0000000083900000|  0%| F|  |TAMS 0x0000000083800000, 0x0000000083800000| Untracked 
|  57|0x0000000083900000, 0x0000000083900000, 0x0000000083a00000|  0%| F|  |TAMS 0x0000000083900000, 0x0000000083900000| Untracked 
|  58|0x0000000083a00000, 0x0000000083a00000, 0x0000000083b00000|  0%| F|  |TAMS 0x0000000083a00000, 0x0000000083a00000| Untracked 
|  59|0x0000000083b00000, 0x0000000083b00000, 0x0000000083c00000|  0%| F|  |TAMS 0x0000000083b00000, 0x0000000083b00000| Untracked 
|  60|0x0000000083c00000, 0x0000000083c00000, 0x0000000083d00000|  0%| F|  |TAMS 0x0000000083c00000, 0x0000000083c00000| Untracked 
|  61|0x0000000083d00000, 0x0000000083d00000, 0x0000000083e00000|  0%| F|  |TAMS 0x0000000083d00000, 0x0000000083d00000| Untracked 
|  62|0x0000000083e00000, 0x0000000083e00000, 0x0000000083f00000|  0%| F|  |TAMS 0x0000000083e00000, 0x0000000083e00000| Untracked 
|  63|0x0000000083f00000, 0x0000000083fbba40, 0x0000000084000000| 73%| S|CS|TAMS 0x0000000083f00000, 0x0000000083f00000| Complete 
|  64|0x0000000084000000, 0x0000000084100000, 0x0000000084100000|100%| S|CS|TAMS 0x0000000084000000, 0x0000000084000000| Complete 
|  65|0x0000000084100000, 0x0000000084200000, 0x0000000084200000|100%| S|CS|TAMS 0x0000000084100000, 0x0000000084100000| Complete 
|  66|0x0000000084200000, 0x0000000084300000, 0x0000000084300000|100%| S|CS|TAMS 0x0000000084200000, 0x0000000084200000| Complete 
|  67|0x0000000084300000, 0x0000000084400000, 0x0000000084400000|100%| S|CS|TAMS 0x0000000084300000, 0x0000000084300000| Complete 
|  68|0x0000000084400000, 0x0000000084500000, 0x0000000084500000|100%| S|CS|TAMS 0x0000000084400000, 0x0000000084400000| Complete 
|  69|0x0000000084500000, 0x0000000084600000, 0x0000000084600000|100%| S|CS|TAMS 0x0000000084500000, 0x0000000084500000| Complete 
|  70|0x0000000084600000, 0x0000000084700000, 0x0000000084700000|100%| S|CS|TAMS 0x0000000084600000, 0x0000000084600000| Complete 
|  71|0x0000000084700000, 0x0000000084700000, 0x0000000084800000|  0%| F|  |TAMS 0x0000000084700000, 0x0000000084700000| Untracked 
|  72|0x0000000084800000, 0x0000000084800000, 0x0000000084900000|  0%| F|  |TAMS 0x0000000084800000, 0x0000000084800000| Untracked 
|  73|0x0000000084900000, 0x0000000084900000, 0x0000000084a00000|  0%| F|  |TAMS 0x0000000084900000, 0x0000000084900000| Untracked 
|  74|0x0000000084a00000, 0x0000000084a00000, 0x0000000084b00000|  0%| F|  |TAMS 0x0000000084a00000, 0x0000000084a00000| Untracked 
|  75|0x0000000084b00000, 0x0000000084b00000, 0x0000000084c00000|  0%| F|  |TAMS 0x0000000084b00000, 0x0000000084b00000| Untracked 
|  76|0x0000000084c00000, 0x0000000084c00000, 0x0000000084d00000|  0%| F|  |TAMS 0x0000000084c00000, 0x0000000084c00000| Untracked 
|  77|0x0000000084d00000, 0x0000000084d00000, 0x0000000084e00000|  0%| F|  |TAMS 0x0000000084d00000, 0x0000000084d00000| Untracked 
|  78|0x0000000084e00000, 0x0000000084e00000, 0x0000000084f00000|  0%| F|  |TAMS 0x0000000084e00000, 0x0000000084e00000| Untracked 
|  79|0x0000000084f00000, 0x0000000084f00000, 0x0000000085000000|  0%| F|  |TAMS 0x0000000084f00000, 0x0000000084f00000| Untracked 
|  80|0x0000000085000000, 0x0000000085000000, 0x0000000085100000|  0%| F|  |TAMS 0x0000000085000000, 0x0000000085000000| Untracked 
|  81|0x0000000085100000, 0x0000000085100000, 0x0000000085200000|  0%| F|  |TAMS 0x0000000085100000, 0x0000000085100000| Untracked 
|  82|0x0000000085200000, 0x0000000085200000, 0x0000000085300000|  0%| F|  |TAMS 0x0000000085200000, 0x0000000085200000| Untracked 
|  83|0x0000000085300000, 0x0000000085300000, 0x0000000085400000|  0%| F|  |TAMS 0x0000000085300000, 0x0000000085300000| Untracked 
|  84|0x0000000085400000, 0x0000000085400000, 0x0000000085500000|  0%| F|  |TAMS 0x0000000085400000, 0x0000000085400000| Untracked 
|  85|0x0000000085500000, 0x0000000085500000, 0x0000000085600000|  0%| F|  |TAMS 0x0000000085500000, 0x0000000085500000| Untracked 
|  86|0x0000000085600000, 0x0000000085600000, 0x0000000085700000|  0%| F|  |TAMS 0x0000000085600000, 0x0000000085600000| Untracked 
|  87|0x0000000085700000, 0x0000000085700000, 0x0000000085800000|  0%| F|  |TAMS 0x0000000085700000, 0x0000000085700000| Untracked 
|  88|0x0000000085800000, 0x0000000085800000, 0x0000000085900000|  0%| F|  |TAMS 0x0000000085800000, 0x0000000085800000| Untracked 
|  89|0x0000000085900000, 0x0000000085900000, 0x0000000085a00000|  0%| F|  |TAMS 0x0000000085900000, 0x0000000085900000| Untracked 
|  90|0x0000000085a00000, 0x0000000085a00000, 0x0000000085b00000|  0%| F|  |TAMS 0x0000000085a00000, 0x0000000085a00000| Untracked 
|  91|0x0000000085b00000, 0x0000000085b00000, 0x0000000085c00000|  0%| F|  |TAMS 0x0000000085b00000, 0x0000000085b00000| Untracked 
|  92|0x0000000085c00000, 0x0000000085c00000, 0x0000000085d00000|  0%| F|  |TAMS 0x0000000085c00000, 0x0000000085c00000| Untracked 
|  93|0x0000000085d00000, 0x0000000085d00000, 0x0000000085e00000|  0%| F|  |TAMS 0x0000000085d00000, 0x0000000085d00000| Untracked 
|  94|0x0000000085e00000, 0x0000000085e00000, 0x0000000085f00000|  0%| F|  |TAMS 0x0000000085e00000, 0x0000000085e00000| Untracked 
|  95|0x0000000085f00000, 0x0000000085f00000, 0x0000000086000000|  0%| F|  |TAMS 0x0000000085f00000, 0x0000000085f00000| Untracked 
|  96|0x0000000086000000, 0x0000000086000000, 0x0000000086100000|  0%| F|  |TAMS 0x0000000086000000, 0x0000000086000000| Untracked 
|  97|0x0000000086100000, 0x0000000086100000, 0x0000000086200000|  0%| F|  |TAMS 0x0000000086100000, 0x0000000086100000| Untracked 
|  98|0x0000000086200000, 0x0000000086200000, 0x0000000086300000|  0%| F|  |TAMS 0x0000000086200000, 0x0000000086200000| Untracked 
|  99|0x0000000086300000, 0x0000000086300000, 0x0000000086400000|  0%| F|  |TAMS 0x0000000086300000, 0x0000000086300000| Untracked 
| 100|0x0000000086400000, 0x0000000086400000, 0x0000000086500000|  0%| F|  |TAMS 0x0000000086400000, 0x0000000086400000| Untracked 
| 101|0x0000000086500000, 0x0000000086500000, 0x0000000086600000|  0%| F|  |TAMS 0x0000000086500000, 0x0000000086500000| Untracked 
| 102|0x0000000086600000, 0x0000000086600000, 0x0000000086700000|  0%| F|  |TAMS 0x0000000086600000, 0x0000000086600000| Untracked 
| 103|0x0000000086700000, 0x0000000086700000, 0x0000000086800000|  0%| F|  |TAMS 0x0000000086700000, 0x0000000086700000| Untracked 
| 104|0x0000000086800000, 0x0000000086800000, 0x0000000086900000|  0%| F|  |TAMS 0x0000000086800000, 0x0000000086800000| Untracked 
| 105|0x0000000086900000, 0x0000000086900000, 0x0000000086a00000|  0%| F|  |TAMS 0x0000000086900000, 0x0000000086900000| Untracked 
| 106|0x0000000086a00000, 0x0000000086a00000, 0x0000000086b00000|  0%| F|  |TAMS 0x0000000086a00000, 0x0000000086a00000| Untracked 
| 107|0x0000000086b00000, 0x0000000086b00000, 0x0000000086c00000|  0%| F|  |TAMS 0x0000000086b00000, 0x0000000086b00000| Untracked 
| 108|0x0000000086c00000, 0x0000000086c00000, 0x0000000086d00000|  0%| F|  |TAMS 0x0000000086c00000, 0x0000000086c00000| Untracked 
| 109|0x0000000086d00000, 0x0000000086d00000, 0x0000000086e00000|  0%| F|  |TAMS 0x0000000086d00000, 0x0000000086d00000| Untracked 
| 110|0x0000000086e00000, 0x0000000086e00000, 0x0000000086f00000|  0%| F|  |TAMS 0x0000000086e00000, 0x0000000086e00000| Untracked 
| 111|0x0000000086f00000, 0x0000000086f00000, 0x0000000087000000|  0%| F|  |TAMS 0x0000000086f00000, 0x0000000086f00000| Untracked 
| 112|0x0000000087000000, 0x0000000087000000, 0x0000000087100000|  0%| F|  |TAMS 0x0000000087000000, 0x0000000087000000| Untracked 
| 113|0x0000000087100000, 0x0000000087100000, 0x0000000087200000|  0%| F|  |TAMS 0x0000000087100000, 0x0000000087100000| Untracked 
| 114|0x0000000087200000, 0x0000000087200000, 0x0000000087300000|  0%| F|  |TAMS 0x0000000087200000, 0x0000000087200000| Untracked 
| 115|0x0000000087300000, 0x0000000087300000, 0x0000000087400000|  0%| F|  |TAMS 0x0000000087300000, 0x0000000087300000| Untracked 
| 116|0x0000000087400000, 0x0000000087400000, 0x0000000087500000|  0%| F|  |TAMS 0x0000000087400000, 0x0000000087400000| Untracked 
| 117|0x0000000087500000, 0x0000000087500000, 0x0000000087600000|  0%| F|  |TAMS 0x0000000087500000, 0x0000000087500000| Untracked 
| 118|0x0000000087600000, 0x0000000087600000, 0x0000000087700000|  0%| F|  |TAMS 0x0000000087600000, 0x0000000087600000| Untracked 
| 119|0x0000000087700000, 0x0000000087700000, 0x0000000087800000|  0%| F|  |TAMS 0x0000000087700000, 0x0000000087700000| Untracked 
| 120|0x0000000087800000, 0x0000000087800000, 0x0000000087900000|  0%| F|  |TAMS 0x0000000087800000, 0x0000000087800000| Untracked 
| 121|0x0000000087900000, 0x0000000087900000, 0x0000000087a00000|  0%| F|  |TAMS 0x0000000087900000, 0x0000000087900000| Untracked 
| 122|0x0000000087a00000, 0x0000000087a00000, 0x0000000087b00000|  0%| F|  |TAMS 0x0000000087a00000, 0x0000000087a00000| Untracked 
| 123|0x0000000087b00000, 0x0000000087c00000, 0x0000000087c00000|100%| E|  |TAMS 0x0000000087b00000, 0x0000000087b00000| Complete 
| 124|0x0000000087c00000, 0x0000000087d00000, 0x0000000087d00000|100%| E|CS|TAMS 0x0000000087c00000, 0x0000000087c00000| Complete 
| 125|0x0000000087d00000, 0x0000000087e00000, 0x0000000087e00000|100%| E|CS|TAMS 0x0000000087d00000, 0x0000000087d00000| Complete 
| 126|0x0000000087e00000, 0x0000000087f00000, 0x0000000087f00000|100%| E|CS|TAMS 0x0000000087e00000, 0x0000000087e00000| Complete 
| 127|0x0000000087f00000, 0x0000000088000000, 0x0000000088000000|100%| E|CS|TAMS 0x0000000087f00000, 0x0000000087f00000| Complete 
| 128|0x0000000088000000, 0x0000000088100000, 0x0000000088100000|100%| E|CS|TAMS 0x0000000088000000, 0x0000000088000000| Complete 
| 129|0x0000000088100000, 0x0000000088200000, 0x0000000088200000|100%| E|CS|TAMS 0x0000000088100000, 0x0000000088100000| Complete 
| 130|0x0000000088200000, 0x0000000088300000, 0x0000000088300000|100%| E|CS|TAMS 0x0000000088200000, 0x0000000088200000| Complete 
| 131|0x0000000088300000, 0x0000000088400000, 0x0000000088400000|100%| E|CS|TAMS 0x0000000088300000, 0x0000000088300000| Complete 
| 132|0x0000000088400000, 0x0000000088500000, 0x0000000088500000|100%| E|CS|TAMS 0x0000000088400000, 0x0000000088400000| Complete 
| 133|0x0000000088500000, 0x0000000088600000, 0x0000000088600000|100%| E|CS|TAMS 0x0000000088500000, 0x0000000088500000| Complete 
| 134|0x0000000088600000, 0x0000000088700000, 0x0000000088700000|100%| E|CS|TAMS 0x0000000088600000, 0x0000000088600000| Complete 
| 135|0x0000000088700000, 0x0000000088800000, 0x0000000088800000|100%| E|CS|TAMS 0x0000000088700000, 0x0000000088700000| Complete 
| 136|0x0000000088800000, 0x0000000088900000, 0x0000000088900000|100%| E|CS|TAMS 0x0000000088800000, 0x0000000088800000| Complete 
| 137|0x0000000088900000, 0x0000000088a00000, 0x0000000088a00000|100%| E|CS|TAMS 0x0000000088900000, 0x0000000088900000| Complete 
| 138|0x0000000088a00000, 0x0000000088b00000, 0x0000000088b00000|100%| E|CS|TAMS 0x0000000088a00000, 0x0000000088a00000| Complete 
| 139|0x0000000088b00000, 0x0000000088c00000, 0x0000000088c00000|100%| E|CS|TAMS 0x0000000088b00000, 0x0000000088b00000| Complete 
| 140|0x0000000088c00000, 0x0000000088d00000, 0x0000000088d00000|100%| E|CS|TAMS 0x0000000088c00000, 0x0000000088c00000| Complete 
| 141|0x0000000088d00000, 0x0000000088e00000, 0x0000000088e00000|100%| E|CS|TAMS 0x0000000088d00000, 0x0000000088d00000| Complete 
| 142|0x0000000088e00000, 0x0000000088f00000, 0x0000000088f00000|100%| E|CS|TAMS 0x0000000088e00000, 0x0000000088e00000| Complete 
| 143|0x0000000088f00000, 0x0000000089000000, 0x0000000089000000|100%| E|CS|TAMS 0x0000000088f00000, 0x0000000088f00000| Complete 
| 144|0x0000000089000000, 0x0000000089100000, 0x0000000089100000|100%| E|CS|TAMS 0x0000000089000000, 0x0000000089000000| Complete 
| 145|0x0000000089100000, 0x0000000089200000, 0x0000000089200000|100%| E|CS|TAMS 0x0000000089100000, 0x0000000089100000| Complete 
| 146|0x0000000089200000, 0x0000000089300000, 0x0000000089300000|100%| E|CS|TAMS 0x0000000089200000, 0x0000000089200000| Complete 
| 147|0x0000000089300000, 0x0000000089400000, 0x0000000089400000|100%| E|CS|TAMS 0x0000000089300000, 0x0000000089300000| Complete 
| 148|0x0000000089400000, 0x0000000089500000, 0x0000000089500000|100%| E|CS|TAMS 0x0000000089400000, 0x0000000089400000| Complete 
| 149|0x0000000089500000, 0x0000000089600000, 0x0000000089600000|100%| E|CS|TAMS 0x0000000089500000, 0x0000000089500000| Complete 
| 150|0x0000000089600000, 0x0000000089700000, 0x0000000089700000|100%| E|CS|TAMS 0x0000000089600000, 0x0000000089600000| Complete 
| 151|0x0000000089700000, 0x0000000089800000, 0x0000000089800000|100%| E|CS|TAMS 0x0000000089700000, 0x0000000089700000| Complete 
| 152|0x0000000089800000, 0x0000000089900000, 0x0000000089900000|100%| E|CS|TAMS 0x0000000089800000, 0x0000000089800000| Complete 
| 153|0x0000000089900000, 0x0000000089a00000, 0x0000000089a00000|100%| E|CS|TAMS 0x0000000089900000, 0x0000000089900000| Complete 

Card table byte_map: [0x000001ccac820000,0x000001ccacc20000] _byte_map_base: 0x000001ccac420000

Marking Bits (Prev, Next): (CMBitMap*) 0x000001cc9772bfa8, (CMBitMap*) 0x000001cc9772bfe0
 Prev Bits: [0x000001ccad020000, 0x000001ccaf020000)
 Next Bits: [0x000001ccaf020000, 0x000001ccb1020000)

Polling page: 0x000001cc977d0000

Metaspace:

Usage:
  Non-class:     41.72 MB capacity,    40.83 MB ( 98%) used,   785.41 KB (  2%) free+waste,   126.81 KB ( <1%) overhead. 
      Class:      6.41 MB capacity,     5.97 MB ( 93%) used,   390.80 KB (  6%) free+waste,    60.44 KB ( <1%) overhead. 
       Both:     48.13 MB capacity,    46.80 MB ( 97%) used,     1.15 MB (  2%) free+waste,   187.25 KB ( <1%) overhead. 

Virtual space:
  Non-class space:       42.00 MB reserved,      41.87 MB (>99%) committed 
      Class space:        1.00 GB reserved,       6.50 MB ( <1%) committed 
             Both:        1.04 GB reserved,      48.37 MB (  5%) committed 

Chunk freelists:
   Non-Class:  27.00 KB
       Class:  0 bytes
        Both:  27.00 KB

MaxMetaspaceSize: 17179869184.00 GB
CompressedClassSpaceSize: 1.00 GB

CodeHeap 'non-profiled nmethods': size=120000Kb used=1997Kb max_used=1997Kb free=118002Kb
 bounds [0x000001cca4480000, 0x000001cca46f0000, 0x000001ccab9b0000]
CodeHeap 'profiled nmethods': size=120000Kb used=10021Kb max_used=10021Kb free=109978Kb
 bounds [0x000001cc9cf50000, 0x000001cc9d920000, 0x000001cca4480000]
CodeHeap 'non-nmethods': size=5760Kb used=2217Kb max_used=2247Kb free=3542Kb
 bounds [0x000001cc9c9b0000, 0x000001cc9cc20000, 0x000001cc9cf50000]
 total_blobs=5783 nmethods=4995 adapters=699
 compilation: enabled
              stopped_count=0, restarted_count=0
 full_count=0

Compilation events (20 events):
Event: 16.683 Thread 0x000001ccb3b22000 nmethod 5080 0x000001cc9d908b10 code [0x000001cc9d908cc0, 0x000001cc9d908de8]
Event: 16.683 Thread 0x000001ccb3b22000 5081       2       com.esotericsoftware.kryo.io.Output::writeLong (162 bytes)
Event: 16.684 Thread 0x000001ccb3b22000 nmethod 5081 0x000001cc9d908f10 code [0x000001cc9d9090e0, 0x000001cc9d9093c8]
Event: 16.686 Thread 0x000001ccb3b22000 5082       2       java.io.ObjectOutputStream$HandleTable::hash (8 bytes)
Event: 16.686 Thread 0x000001ccb3b22000 nmethod 5082 0x000001cc9d909590 code [0x000001cc9d909740, 0x000001cc9d909868]
Event: 16.686 Thread 0x000001ccb3b22000 5083       2       java.io.ObjectOutputStream$BlockDataOutputStream::writeByte (33 bytes)
Event: 16.687 Thread 0x000001ccb3b22000 nmethod 5083 0x000001cc9d909910 code [0x000001cc9d909ac0, 0x000001cc9d909c28]
Event: 16.692 Thread 0x000001ccb3b22000 5084       1       java.util.ArrayList$ArrayListSpliterator::characteristics (4 bytes)
Event: 16.693 Thread 0x000001ccb3b22000 nmethod 5084 0x000001cca4673410 code [0x000001cca46735c0, 0x000001cca4673678]
Event: 16.693 Thread 0x000001ccb3b22000 5085   !   2       java.util.concurrent.ThreadPoolExecutor::getTask (177 bytes)
Event: 16.695 Thread 0x000001ccb3b22000 nmethod 5085 0x000001cc9d909d10 code [0x000001cc9d909f20, 0x000001cc9d90a478]
Event: 16.695 Thread 0x000001ccb3b22000 5086       2       java.lang.ThreadLocal::get (38 bytes)
Event: 16.696 Thread 0x000001ccb3b22000 nmethod 5086 0x000001cc9d90a710 code [0x000001cc9d90a8e0, 0x000001cc9d90aa88]
Event: 16.706 Thread 0x000001ccb3b22000 5087       2       com.google.common.collect.LinkedHashMultimap::access$200 (6 bytes)
Event: 16.707 Thread 0x000001ccb3b22000 nmethod 5087 0x000001cc9d90ab90 code [0x000001cc9d90ad60, 0x000001cc9d90ae98]
Event: 16.707 Thread 0x000001ccb3b22000 5088       2       com.google.common.collect.LinkedHashMultimap::succeedsInValueSet (15 bytes)
Event: 16.707 Thread 0x000001ccb3b22000 nmethod 5088 0x000001cc9d90af90 code [0x000001cc9d90b160, 0x000001cc9d90b298]
Event: 16.707 Thread 0x000001ccb3b22000 5089       2       com.google.common.collect.LinkedHashMultimap::access$400 (6 bytes)
Event: 16.707 Thread 0x000001ccb3b22000 nmethod 5089 0x000001cc9d90b390 code [0x000001cc9d90b540, 0x000001cc9d90b6d8]
Event: 16.709 Thread 0x000001ccb3b22000 5090       2       javax.management.ObjectName::construct (1135 bytes)

GC Heap History (16 events):
Event: 2.859 GC heap before
{Heap before GC invocations=0 (full 0):
 garbage-first heap   total 131072K, used 29696K [0x0000000080000000, 0x0000000100000000)
  region size 1024K, 24 young (24576K), 0 survivors (0K)
 Metaspace       used 9827K, capacity 9990K, committed 10112K, reserved 1058816K
  class space    used 1021K, capacity 1102K, committed 1152K, reserved 1048576K
}
Event: 2.877 GC heap after
{Heap after GC invocations=1 (full 0):
 garbage-first heap   total 131072K, used 8936K [0x0000000080000000, 0x0000000100000000)
  region size 1024K, 3 young (3072K), 3 survivors (3072K)
 Metaspace       used 9827K, capacity 9990K, committed 10112K, reserved 1058816K
  class space    used 1021K, capacity 1102K, committed 1152K, reserved 1048576K
}
Event: 4.183 GC heap before
{Heap before GC invocations=1 (full 0):
 garbage-first heap   total 131072K, used 48872K [0x0000000080000000, 0x0000000100000000)
  region size 1024K, 42 young (43008K), 3 survivors (3072K)
 Metaspace       used 10879K, capacity 11091K, committed 11264K, reserved 1058816K
  class space    used 1137K, capacity 1214K, committed 1280K, reserved 1048576K
}
Event: 4.198 GC heap after
{Heap after GC invocations=2 (full 0):
 garbage-first heap   total 131072K, used 14077K [0x0000000080000000, 0x0000000100000000)
  region size 1024K, 6 young (6144K), 6 survivors (6144K)
 Metaspace       used 10879K, capacity 11091K, committed 11264K, reserved 1058816K
  class space    used 1137K, capacity 1214K, committed 1280K, reserved 1048576K
}
Event: 7.027 GC heap before
{Heap before GC invocations=2 (full 0):
 garbage-first heap   total 131072K, used 58109K [0x0000000080000000, 0x0000000100000000)
  region size 1024K, 49 young (50176K), 6 survivors (6144K)
 Metaspace       used 19088K, capacity 19520K, committed 19712K, reserved 1067008K
  class space    used 2310K, capacity 2436K, committed 2560K, reserved 1048576K
}
Event: 7.039 GC heap after
{Heap after GC invocations=3 (full 0):
 garbage-first heap   total 131072K, used 16446K [0x0000000080000000, 0x0000000100000000)
  region size 1024K, 7 young (7168K), 7 survivors (7168K)
 Metaspace       used 19088K, capacity 19520K, committed 19712K, reserved 1067008K
  class space    used 2310K, capacity 2436K, committed 2560K, reserved 1048576K
}
Event: 7.620 GC heap before
{Heap before GC invocations=3 (full 0):
 garbage-first heap   total 131072K, used 27710K [0x0000000080000000, 0x0000000100000000)
  region size 1024K, 19 young (19456K), 7 survivors (7168K)
 Metaspace       used 20616K, capacity 21154K, committed 21296K, reserved 1069056K
  class space    used 2513K, capacity 2688K, committed 2688K, reserved 1048576K
}
Event: 7.635 GC heap after
{Heap after GC invocations=4 (full 0):
 garbage-first heap   total 131072K, used 17199K [0x0000000080000000, 0x0000000100000000)
  region size 1024K, 4 young (4096K), 4 survivors (4096K)
 Metaspace       used 20616K, capacity 21154K, committed 21296K, reserved 1069056K
  class space    used 2513K, capacity 2688K, committed 2688K, reserved 1048576K
}
Event: 9.056 GC heap before
{Heap before GC invocations=5 (full 0):
 garbage-first heap   total 131072K, used 73519K [0x0000000080000000, 0x0000000100000000)
  region size 1024K, 59 young (60416K), 4 survivors (4096K)
 Metaspace       used 26113K, capacity 26753K, committed 26928K, reserved 1073152K
  class space    used 3425K, capacity 3666K, committed 3712K, reserved 1048576K
}
Event: 9.066 GC heap after
{Heap after GC invocations=6 (full 0):
 garbage-first heap   total 131072K, used 18942K [0x0000000080000000, 0x0000000100000000)
  region size 1024K, 5 young (5120K), 5 survivors (5120K)
 Metaspace       used 26113K, capacity 26753K, committed 26928K, reserved 1073152K
  class space    used 3425K, capacity 3666K, committed 3712K, reserved 1048576K
}
Event: 10.919 GC heap before
{Heap before GC invocations=6 (full 0):
 garbage-first heap   total 131072K, used 72190K [0x0000000080000000, 0x0000000100000000)
  region size 1024K, 59 young (60416K), 5 survivors (5120K)
 Metaspace       used 34815K, capacity 35610K, committed 35708K, reserved 1081344K
  class space    used 4528K, capacity 4832K, committed 4864K, reserved 1048576K
}
Event: 10.947 GC heap after
{Heap after GC invocations=7 (full 0):
 garbage-first heap   total 131072K, used 23146K [0x0000000080000000, 0x0000000100000000)
  region size 1024K, 10 young (10240K), 10 survivors (10240K)
 Metaspace       used 34815K, capacity 35610K, committed 35708K, reserved 1081344K
  class space    used 4528K, capacity 4832K, committed 4864K, reserved 1048576K
}
Event: 12.305 GC heap before
{Heap before GC invocations=8 (full 0):
 garbage-first heap   total 131072K, used 92778K [0x0000000080000000, 0x0000000100000000)
  region size 1024K, 75 young (76800K), 10 survivors (10240K)
 Metaspace       used 39759K, capacity 40693K, committed 40956K, reserved 1085440K
  class space    used 5092K, capacity 5455K, committed 5504K, reserved 1048576K
}
Event: 12.332 GC heap after
{Heap after GC invocations=9 (full 0):
 garbage-first heap   total 157696K, used 27312K [0x0000000080000000, 0x0000000100000000)
  region size 1024K, 9 young (9216K), 9 survivors (9216K)
 Metaspace       used 39759K, capacity 40693K, committed 40956K, reserved 1085440K
  class space    used 5092K, capacity 5455K, committed 5504K, reserved 1048576K
}
Event: 15.370 GC heap before
{Heap before GC invocations=9 (full 0):
 garbage-first heap   total 157696K, used 113328K [0x0000000080000000, 0x0000000100000000)
  region size 1024K, 92 young (94208K), 9 survivors (9216K)
 Metaspace       used 46662K, capacity 47965K, committed 48124K, reserved 1091584K
  class space    used 5971K, capacity 6422K, committed 6528K, reserved 1048576K
}
Event: 15.393 GC heap after
{Heap after GC invocations=10 (full 0):
 garbage-first heap   total 157696K, used 30080K [0x0000000080000000, 0x0000000100000000)
  region size 1024K, 8 young (8192K), 8 survivors (8192K)
 Metaspace       used 46662K, capacity 47965K, committed 48124K, reserved 1091584K
  class space    used 5971K, capacity 6422K, committed 6528K, reserved 1048576K
}

Deoptimization events (20 events):
Event: 16.158 Thread 0x000001ccb5d43800 DEOPT PACKING pc=0x000001cc9d01b244 sp=0x000000736c0f2260
Event: 16.158 Thread 0x000001ccb5d43800 DEOPT UNPACKING pc=0x000001cc9c9d76ce sp=0x000000736c0f1838 mode 0
Event: 16.206 Thread 0x000001ccb5d43800 DEOPT PACKING pc=0x000001cc9d01ad03 sp=0x000000736c0f2260
Event: 16.206 Thread 0x000001ccb5d43800 DEOPT UNPACKING pc=0x000001cc9c9d76ce sp=0x000000736c0f17c0 mode 0
Event: 16.226 Thread 0x000001ccb5d43800 DEOPT PACKING pc=0x000001cc9d01b244 sp=0x000000736c0f2260
Event: 16.226 Thread 0x000001ccb5d43800 DEOPT UNPACKING pc=0x000001cc9c9d76ce sp=0x000000736c0f1838 mode 0
Event: 16.273 Thread 0x000001ccb5d43800 DEOPT PACKING pc=0x000001cc9d01b244 sp=0x000000736c0f2130
Event: 16.273 Thread 0x000001ccb5d43800 DEOPT UNPACKING pc=0x000001cc9c9d76ce sp=0x000000736c0f1708 mode 0
Event: 16.345 Thread 0x000001ccb5d43800 DEOPT PACKING pc=0x000001cc9d01ad03 sp=0x000000736c0f2130
Event: 16.345 Thread 0x000001ccb5d43800 DEOPT UNPACKING pc=0x000001cc9c9d76ce sp=0x000000736c0f1690 mode 0
Event: 16.384 Thread 0x000001ccb5d43800 DEOPT PACKING pc=0x000001cc9d1b2797 sp=0x000000736c0f2280
Event: 16.384 Thread 0x000001ccb5d43800 DEOPT UNPACKING pc=0x000001cc9c9d76ce sp=0x000000736c0f1808 mode 0
Event: 16.663 Thread 0x000001ccb5d43800 Uncommon trap: trap_request=0xffffff4d fr.pc=0x000001cca45b85c4 relative=0x00000000000006c4
Event: 16.663 Thread 0x000001ccb5d43800 Uncommon trap: reason=unstable_if action=reinterpret pc=0x000001cca45b85c4 method=java.util.HashMap.putVal(ILjava/lang/Object;Ljava/lang/Object;ZZ)Ljava/lang/Object; @ 85 c2
Event: 16.663 Thread 0x000001ccb5d43800 DEOPT PACKING pc=0x000001cca45b85c4 sp=0x000000736c0f9470
Event: 16.664 Thread 0x000001ccb5d43800 DEOPT UNPACKING pc=0x000001cc9c9d78af sp=0x000000736c0f93f8 mode 2
Event: 16.684 Thread 0x000001ccb5d43800 Uncommon trap: trap_request=0xfffffff4 fr.pc=0x000001cca46317f0 relative=0x0000000000000310
Event: 16.684 Thread 0x000001ccb5d43800 Uncommon trap: reason=null_check action=make_not_entrant pc=0x000001cca46317f0 method=java.lang.ThreadLocal$ThreadLocalMap.getEntryAfterMiss(Ljava/lang/ThreadLocal;ILjava/lang/ThreadLocal$ThreadLocalMap$Entry;)Ljava/lang/ThreadLocal$ThreadLocalMap$Entry; 
Event: 16.684 Thread 0x000001ccb5d43800 DEOPT PACKING pc=0x000001cca46317f0 sp=0x000000736c0fa6b0
Event: 16.684 Thread 0x000001ccb5d43800 DEOPT UNPACKING pc=0x000001cc9c9d78af sp=0x000000736c0fa560 mode 2

Classes redefined (0 events):
No events

Internal exceptions (20 events):
Event: 16.551 Thread 0x000001ccb5d43800 Exception <a 'java/lang/ClassNotFoundException'{0x000000008827e6d0}: org/gradle/api/tasks/Delete_DecoratedBeanInfo> (0x000000008827e6d0) thrown at [./src/hotspot/share/classfile/systemDictionary.cpp, line 231]
Event: 16.554 Thread 0x000001ccb5d43800 Exception <a 'java/lang/ClassNotFoundException'{0x00000000882a6e68}: org/gradle/api/tasks/DeleteBeanInfo> (0x00000000882a6e68) thrown at [./src/hotspot/share/classfile/systemDictionary.cpp, line 231]
Event: 16.557 Thread 0x000001ccb5d43800 Exception <a 'java/lang/ClassNotFoundException'{0x00000000882d2138}: org/gradle/api/internal/ConventionTaskBeanInfo> (0x00000000882d2138) thrown at [./src/hotspot/share/classfile/systemDictionary.cpp, line 231]
Event: 16.558 Thread 0x000001ccb5d43800 Exception <a 'java/lang/ClassNotFoundException'{0x00000000882f98e8}: org/gradle/api/DefaultTaskBeanInfo> (0x00000000882f98e8) thrown at [./src/hotspot/share/classfile/systemDictionary.cpp, line 231]
Event: 16.560 Thread 0x000001ccb5d43800 Exception <a 'java/lang/ClassNotFoundException'{0x0000000088125cf8}: org/gradle/api/internal/AbstractTaskBeanInfo> (0x0000000088125cf8) thrown at [./src/hotspot/share/classfile/systemDictionary.cpp, line 231]
Event: 16.562 Thread 0x000001ccb5d43800 Exception <a 'java/lang/ClassNotFoundException'{0x0000000088151a40}: org/gradle/api/internal/AbstractTaskCustomizer> (0x0000000088151a40) thrown at [./src/hotspot/share/classfile/systemDictionary.cpp, line 231]
Event: 16.574 Thread 0x000001ccb5d43800 Exception <a 'java/lang/ClassNotFoundException'{0x00000000881c2028}: org/gradle/api/DefaultTaskCustomizer> (0x00000000881c2028) thrown at [./src/hotspot/share/classfile/systemDictionary.cpp, line 231]
Event: 16.589 Thread 0x000001ccb5d43800 Exception <a 'java/lang/ClassNotFoundException'{0x0000000088042130}: org/gradle/api/internal/ConventionTaskCustomizer> (0x0000000088042130) thrown at [./src/hotspot/share/classfile/systemDictionary.cpp, line 231]
Event: 16.591 Thread 0x000001ccb5d43800 Exception <a 'java/lang/ClassNotFoundException'{0x0000000088079178}: org/gradle/api/tasks/DeleteCustomizer> (0x0000000088079178) thrown at [./src/hotspot/share/classfile/systemDictionary.cpp, line 231]
Event: 16.595 Thread 0x000001ccb5d43800 Exception <a 'java/lang/ClassNotFoundException'{0x00000000880b77a8}: org/gradle/api/tasks/Delete_DecoratedCustomizer> (0x00000000880b77a8) thrown at [./src/hotspot/share/classfile/systemDictionary.cpp, line 231]
Event: 16.651 Thread 0x000001ccb5d43800 Exception <a 'java/lang/NoSuchMethodError'{0x0000000087fc91c0}: 'long java.lang.invoke.DirectMethodHandle$Holder.invokeVirtual(java.lang.Object, java.lang.Object)'> (0x0000000087fc91c0) thrown at [./src/hotspot/share/interpreter/linkResolver.cpp, line 773]
Event: 16.661 Thread 0x000001ccb48b6000 Exception <a 'java/lang/NoSuchMethodError'{0x000000008991f390}: <clinit>> (0x000000008991f390) thrown at [./src/hotspot/share/prims/jni.cpp, line 1362]
Event: 16.666 Thread 0x000001ccb48b6000 Exception <a 'java/lang/NoSuchMethodError'{0x0000000087e94ed8}: <clinit>> (0x0000000087e94ed8) thrown at [./src/hotspot/share/prims/jni.cpp, line 1362]
Event: 16.667 Thread 0x000001ccb48b6000 Exception <a 'java/lang/NoSuchMethodError'{0x0000000087e95fe8}: <clinit>> (0x0000000087e95fe8) thrown at [./src/hotspot/share/prims/jni.cpp, line 1362]
Event: 16.667 Thread 0x000001ccb48b6000 Exception <a 'java/lang/NoSuchMethodError'{0x0000000087e972f0}: <clinit>> (0x0000000087e972f0) thrown at [./src/hotspot/share/prims/jni.cpp, line 1362]
Event: 16.667 Thread 0x000001ccb48b6000 Exception <a 'java/lang/NoSuchMethodError'{0x0000000087e98310}: <clinit>> (0x0000000087e98310) thrown at [./src/hotspot/share/prims/jni.cpp, line 1362]
Event: 16.671 Thread 0x000001ccb48b6000 Exception <a 'java/lang/NoSuchMethodError'{0x0000000087ea1eb8}: <clinit>> (0x0000000087ea1eb8) thrown at [./src/hotspot/share/prims/jni.cpp, line 1362]
Event: 16.673 Thread 0x000001ccb48b6000 Exception <a 'java/lang/NoSuchMethodError'{0x0000000087eac378}: <clinit>> (0x0000000087eac378) thrown at [./src/hotspot/share/prims/jni.cpp, line 1362]
Event: 16.679 Thread 0x000001ccb48b6000 Exception <a 'java/lang/NoSuchMethodError'{0x0000000087ebfe90}: <clinit>> (0x0000000087ebfe90) thrown at [./src/hotspot/share/prims/jni.cpp, line 1362]
Event: 16.683 Thread 0x000001ccb5d43800 Implicit null exception at 0x000001cca46315a3 to 0x000001cca46317d0

Events (20 events):
Event: 16.649 loading class org/gradle/configuration/project/ConfigureProjectBuildOperationType$Result
Event: 16.649 loading class org/gradle/configuration/project/ConfigureProjectBuildOperationType$Result done
Event: 16.649 loading class org/gradle/configuration/project/ConfigureProjectBuildOperationType$1
Event: 16.649 loading class org/gradle/configuration/project/ConfigureProjectBuildOperationType$1 done
Event: 16.652 loading class org/gradle/tooling/internal/provider/runner/ClientForwardingProjectConfigurationOperationListener$PluginApplicationResult
Event: 16.652 loading class org/gradle/tooling/internal/provider/runner/ClientForwardingProjectConfigurationOperationListener$PluginApplicationResult done
Event: 16.653 loading class org/gradle/tooling/internal/protocol/events/InternalProjectConfigurationResult$InternalPluginApplicationResult
Event: 16.653 loading class org/gradle/tooling/internal/protocol/events/InternalProjectConfigurationResult$InternalPluginApplicationResult done
Event: 16.653 loading class org/gradle/tooling/internal/provider/runner/ClientForwardingProjectConfigurationOperationListener$PluginApplicationResult
Event: 16.653 loading class org/gradle/tooling/internal/provider/runner/ClientForwardingProjectConfigurationOperationListener$PluginApplicationResult done
Event: 16.657 loading class org/gradle/internal/build/event/types/DefaultPluginApplicationResult
Event: 16.657 loading class org/gradle/internal/build/event/types/DefaultPluginApplicationResult done
Event: 16.658 loading class org/gradle/internal/build/event/types/DefaultOperationFinishedProgressEvent
Event: 16.658 loading class org/gradle/internal/build/event/types/DefaultOperationFinishedProgressEvent done
Event: 16.659 loading class org/gradle/internal/Factory
Event: 16.659 loading class org/gradle/internal/Factory done
Event: 16.676 loading class java/time/Ser
Event: 16.677 loading class java/time/Ser done
Event: 16.707 loading class groovy/runtime/metaclass/build_c4rb3xz273bnlhtc4m2do3kl4MetaClass
Event: 16.707 loading class groovy/runtime/metaclass/build_c4rb3xz273bnlhtc4m2do3kl4MetaClass done


Dynamic libraries:
0x00007ff727bb0000 - 0x00007ff727bba000 	C:\Program Files\Android\Android Studio\jre\bin\java.exe
0x00007ffd68790000 - 0x00007ffd68985000 	C:\Windows\SYSTEM32\ntdll.dll
0x00007ffd677e0000 - 0x00007ffd6789e000 	C:\Windows\System32\KERNEL32.DLL
0x00007ffd66250000 - 0x00007ffd66519000 	C:\Windows\System32\KERNELBASE.dll
0x00007ffd66570000 - 0x00007ffd66670000 	C:\Windows\System32\ucrtbase.dll
0x00007ffd5fb90000 - 0x00007ffd5fba9000 	C:\Program Files\Android\Android Studio\jre\bin\jli.dll
0x00007ffd5f120000 - 0x00007ffd5f137000 	C:\Program Files\Android\Android Studio\jre\bin\VCRUNTIME140.dll
0x00007ffd67440000 - 0x00007ffd675e1000 	C:\Windows\System32\USER32.dll
0x00007ffd4cb20000 - 0x00007ffd4cdba000 	C:\Windows\WinSxS\amd64_microsoft.windows.common-controls_6595b64144ccf1df_6.0.19041.1110_none_60b5254171f9507e\COMCTL32.dll
0x00007ffd675f0000 - 0x00007ffd6768e000 	C:\Windows\System32\msvcrt.dll
0x00007ffd666d0000 - 0x00007ffd666f2000 	C:\Windows\System32\win32u.dll
0x00007ffd669e0000 - 0x00007ffd66a0b000 	C:\Windows\System32\GDI32.dll
0x00007ffd66140000 - 0x00007ffd6624b000 	C:\Windows\System32\gdi32full.dll
0x00007ffd65eb0000 - 0x00007ffd65f4d000 	C:\Windows\System32\msvcp_win.dll
0x00007ffd67180000 - 0x00007ffd671b0000 	C:\Windows\System32\IMM32.DLL
0x00007ffd36f70000 - 0x00007ffd3700d000 	C:\Program Files\Android\Android Studio\jre\bin\msvcp140.dll
0x00007ffd10b90000 - 0x00007ffd1165f000 	C:\Program Files\Android\Android Studio\jre\bin\server\jvm.dll
0x00007ffd667e0000 - 0x00007ffd6688c000 	C:\Windows\System32\ADVAPI32.dll
0x00007ffd686b0000 - 0x00007ffd6874b000 	C:\Windows\System32\sechost.dll
0x00007ffd67050000 - 0x00007ffd6717a000 	C:\Windows\System32\RPCRT4.dll
0x00007ffd67ee0000 - 0x00007ffd67ee8000 	C:\Windows\System32\PSAPI.DLL
0x00007ffd46de0000 - 0x00007ffd46e07000 	C:\Windows\SYSTEM32\WINMM.dll
0x00007ffd60290000 - 0x00007ffd60299000 	C:\Windows\SYSTEM32\WSOCK32.dll
0x00007ffd5e0b0000 - 0x00007ffd5e0ba000 	C:\Windows\SYSTEM32\VERSION.dll
0x00007ffd66970000 - 0x00007ffd669db000 	C:\Windows\System32\WS2_32.dll
0x00007ffd64730000 - 0x00007ffd64742000 	C:\Windows\SYSTEM32\kernel.appcore.dll
0x00007ffd5d1a0000 - 0x00007ffd5d1b1000 	C:\Program Files\Android\Android Studio\jre\bin\verify.dll
0x00007ffd64440000 - 0x00007ffd64624000 	C:\Windows\SYSTEM32\DBGHELP.DLL
0x00007ffd4f270000 - 0x00007ffd4f29c000 	C:\Windows\SYSTEM32\dbgcore.DLL
0x00007ffd65f50000 - 0x00007ffd65fd3000 	C:\Windows\System32\bcryptPrimitives.dll
0x00007ffd46080000 - 0x00007ffd460a9000 	C:\Program Files\Android\Android Studio\jre\bin\java.dll
0x00007ffd5f080000 - 0x00007ffd5f08b000 	C:\Program Files\Android\Android Studio\jre\bin\jimage.dll
0x00007ffd5bdc0000 - 0x00007ffd5bdd8000 	C:\Program Files\Android\Android Studio\jre\bin\zip.dll
0x00007ffd67ef0000 - 0x00007ffd6862f000 	C:\Windows\System32\SHELL32.dll
0x00007ffd63cb0000 - 0x00007ffd64440000 	C:\Windows\SYSTEM32\windows.storage.dll
0x00007ffd67a70000 - 0x00007ffd67dc5000 	C:\Windows\System32\combase.dll
0x00007ffd65900000 - 0x00007ffd6592c000 	C:\Windows\SYSTEM32\Wldp.dll
0x00007ffd67dd0000 - 0x00007ffd67e7d000 	C:\Windows\System32\SHCORE.dll
0x00007ffd673e0000 - 0x00007ffd67435000 	C:\Windows\System32\shlwapi.dll
0x00007ffd65df0000 - 0x00007ffd65e0f000 	C:\Windows\SYSTEM32\profapi.dll
0x00007ffd59c70000 - 0x00007ffd59c8a000 	C:\Program Files\Android\Android Studio\jre\bin\net.dll
0x00007ffd628e0000 - 0x00007ffd629e8000 	C:\Windows\SYSTEM32\WINHTTP.dll
0x00007ffd65660000 - 0x00007ffd656ca000 	C:\Windows\system32\mswsock.dll
0x00007ffd46020000 - 0x00007ffd46034000 	C:\Program Files\Android\Android Studio\jre\bin\nio.dll
0x00007ffd62260000 - 0x00007ffd62287000 	C:\Users\Lenovo\.gradle\native\8bec1ad78214c89d9ad589b4d07fe93259594b29d510b10fafb7a158f7737e5d\windows-amd64\native-platform.dll
0x00007ffd4ee00000 - 0x00007ffd4ef3d000 	C:\Users\Lenovo\.gradle\native\53dbd7edfb1c66fb8903c78663c9afc45aea4f116125fa6feffd364cf09443e8\windows-amd64\native-platform-file-events.dll
0x00007ffd5efb0000 - 0x00007ffd5efba000 	C:\Program Files\Android\Android Studio\jre\bin\management.dll
0x00007ffd5ec50000 - 0x00007ffd5ec5c000 	C:\Program Files\Android\Android Studio\jre\bin\management_ext.dll
0x00007ffd65850000 - 0x00007ffd65868000 	C:\Windows\SYSTEM32\CRYPTSP.dll
0x00007ffd64f70000 - 0x00007ffd64fa4000 	C:\Windows\system32\rsaenh.dll
0x00007ffd667b0000 - 0x00007ffd667d7000 	C:\Windows\System32\bcrypt.dll
0x00007ffd65db0000 - 0x00007ffd65dde000 	C:\Windows\SYSTEM32\USERENV.dll
0x00007ffd65870000 - 0x00007ffd6587c000 	C:\Windows\SYSTEM32\CRYPTBASE.dll
0x00007ffd65300000 - 0x00007ffd6533b000 	C:\Windows\SYSTEM32\IPHLPAPI.DLL
0x00007ffd676a0000 - 0x00007ffd676a8000 	C:\Windows\System32\NSI.dll
0x00007ffd5d960000 - 0x00007ffd5d977000 	C:\Windows\SYSTEM32\dhcpcsvc6.DLL
0x00007ffd5da80000 - 0x00007ffd5da9d000 	C:\Windows\SYSTEM32\dhcpcsvc.DLL
0x00007ffd65340000 - 0x00007ffd6540c000 	C:\Windows\SYSTEM32\DNSAPI.dll

dbghelp: loaded successfully - version: 4.0.5 - missing functions: none
symbol engine: initialized successfully - sym options: 0x614 - pdb path: .;C:\Program Files\Android\Android Studio\jre\bin;C:\Windows\SYSTEM32;C:\Windows\WinSxS\amd64_microsoft.windows.common-controls_6595b64144ccf1df_6.0.19041.1110_none_60b5254171f9507e;C:\Program Files\Android\Android Studio\jre\bin\server;C:\Users\Lenovo\.gradle\native\8bec1ad78214c89d9ad589b4d07fe93259594b29d510b10fafb7a158f7737e5d\windows-amd64;C:\Users\Lenovo\.gradle\native\53dbd7edfb1c66fb8903c78663c9afc45aea4f116125fa6feffd364cf09443e8\windows-amd64

VM Arguments:
jvm_args: --add-opens=java.base/java.util=ALL-UNNAMED --add-opens=java.base/java.lang=ALL-UNNAMED --add-opens=java.base/java.lang.invoke=ALL-UNNAMED --add-opens=java.base/java.util=ALL-UNNAMED --add-opens=java.prefs/java.util.prefs=ALL-UNNAMED --add-opens=java.prefs/java.util.prefs=ALL-UNNAMED --add-opens=java.base/java.nio.charset=ALL-UNNAMED --add-opens=java.base/java.net=ALL-UNNAMED --add-opens=java.base/java.util.concurrent.atomic=ALL-UNNAMED -Xmx2048m -Dfile.encoding=UTF-8 -Duser.country=US -Duser.language=en -Duser.variant 
java_command: org.gradle.launcher.daemon.bootstrap.GradleDaemon 7.0.2
java_class_path (initial): C:\Users\Lenovo\.gradle\wrapper\dists\gradle-7.0.2-bin\857tjihv64xamwrf0h14cai3r\gradle-7.0.2\lib\gradle-launcher-7.0.2.jar
Launcher Type: SUN_STANDARD

[Global flags]
     intx CICompilerCount                          = 4                                         {product} {ergonomic}
     uint ConcGCThreads                            = 2                                         {product} {ergonomic}
     uint G1ConcRefinementThreads                  = 8                                         {product} {ergonomic}
   size_t G1HeapRegionSize                         = 1048576                                   {product} {ergonomic}
    uintx GCDrainStackTargetSize                   = 64                                        {product} {ergonomic}
   size_t InitialHeapSize                          = 134217728                                 {product} {ergonomic}
   size_t MarkStackSize                            = 4194304                                   {product} {ergonomic}
   size_t MaxHeapSize                              = 2147483648                                {product} {command line}
   size_t MaxNewSize                               = 1287651328                                {product} {ergonomic}
   size_t MinHeapDeltaBytes                        = 1048576                                   {product} {ergonomic}
    uintx NonNMethodCodeHeapSize                   = 5836300                                {pd product} {ergonomic}
    uintx NonProfiledCodeHeapSize                  = 122910970                              {pd product} {ergonomic}
    uintx ProfiledCodeHeapSize                     = 122910970                              {pd product} {ergonomic}
    uintx ReservedCodeCacheSize                    = 251658240                              {pd product} {ergonomic}
     bool SegmentedCodeCache                       = true                                      {product} {ergonomic}
     bool UseCompressedClassPointers               = true                                 {lp64_product} {ergonomic}
     bool UseCompressedOops                        = true                                 {lp64_product} {ergonomic}
     bool UseG1GC                                  = true                                      {product} {ergonomic}
     bool UseLargePagesIndividualAllocation        = false                                  {pd product} {ergonomic}

Logging:
Log output configuration:
 #0: stdout all=warning uptime,level,tags
 #1: stderr all=off uptime,level,tags

Environment Variables:
PATH=C:\Program Files\Common Files\Oracle\Java\javapath;C:\Program Files (x86)\Common Files\Intel\Shared Libraries\redist\intel64\compiler;C:\Program Files (x86)\Common Files\Oracle\Java\javapath;C:\Windows\system32;C:\Windows;C:\Windows\System32\Wbem;C:\Windows\System32\WindowsPowerShell\v1.0\;C:\Windows\System32\OpenSSH\;C:\Program Files\Azure Data Studio\bin;C:\Program Files\Microsoft SQL Server\130\Tools\Binn\;C:\Program Files\Git\cmd;C:\sqlite3;C:\Users\Lenovo\AppData\Local\Microsoft\WindowsApps;C:\Program Files\Azure Data Studio\bin;C:\Users\Lenovo\AppData\Local\GitHubDesktop\bin;C:\Users\Lenovo\AppData\Local\Programs\Microsoft VS Code\bin
USERNAME=Lenovo
OS=Windows_NT
PROCESSOR_IDENTIFIER=Intel64 Family 6 Model 142 Stepping 10, GenuineIntel



---------------  S Y S T E M  ---------------

OS: Windows 10 , 64 bit Build 19041 (10.0.19041.1202)
OS uptime: 5 days 16:15 hours

CPU:total 8 (initial active 8) (4 cores per cpu, 2 threads per core) family 6 model 142 stepping 10 microcode 0xb4, cmov, cx8, fxsr, mmx, sse, sse2, sse3, ssse3, sse4.1, sse4.2, popcnt, avx, avx2, aes, clmul, erms, 3dnowpref, lzcnt, ht, tsc, tscinvbit, bmi1, bmi2, adx, fma

Memory: 4k page, system-wide physical 8066M (207M free)
TotalPageFile size 23071M (AvailPageFile size 5M)
current process WorkingSet (physical memory assigned to process): 286M, peak: 287M
current process commit charge ("private bytes"): 348M, peak: 349M

vm_info: OpenJDK 64-Bit Server VM (11.0.10+0-b96-7249189) for windows-amd64 JRE (11.0.10+0-b96-7249189), built on Mar 31 2021 21:44:00 by "builder" with MS VC++ 14.0 (VS2015)

END.
